1 2 C
2 3 A
3 4 C
4 5 A
5 6 A
6 7 C
7 8 C
8 9 T
9 10 A
10 11 C
11 12 T
12 13 A
13 14 C
14 15 C
15 16 T
16 17 A
17 18 A
18 19 A
19 20 T
20 21 A
21 22 T
22 23 G
23 24 G
24 25 G
25 26 G
26 27 A
27 28 T
28 29 T
29 30 T
30 31 T
31 32 G
32 33 T
33 34 G
34 35 C
35 36 C
36 37 G
37 38 G
38 39 C
39 40 G
40 41 T
41 42 A
42 43 C
43 44 T
44 45 G
45 46 G
46 47 T
47 48 A
48 49 A
49 50 A
50 51 C
51 52 T
52 53 G
53 54 G
54 55 T
55 56 C
56 57 G
57 58 T
58 59 T
59 60 T
60 61 T
61 62 G
62 63 G
63 64 A
64 65 C
65 66 T
66 67 C
67 68 G
68 69 G
69 70 A
70 71 A
71 72 C
72 73 A
73 74 A
74 75 G
75 76 C
76 77 C
77 78 A
78 79 G
79 80 T
80 81 A
81 82 A
82 83 C
83 84 G
84 85 T
85 86 A
86 87 G
87 88 G
88 89 A
89 90 A
7 91 G
91 92 C
92 93 T
93 94 G
94 95 C
95 96 C
96 97 T
97 98 G
98 99 T
99 100 A
100 101 G
101 102 A
102 103 A
103 104 C
104 105 G
105 106 G
106 107 G
107 108 G
108 109 A
109 110 A
110 111 T
111 112 T
112 113 C
113 114 A
114 115 A
115 116 G
116 117 A
117 118 T
118 119 T
119 120 C
120 121 T
121 122 A
122 123 T
123 124 T
124 125 A
125 126 C
126 127 C
127 128 C
128 129 T
129 130 A
130 131 G
131 132 G
132 133 T
133 134 T
134 135 A
135 136 C
136 137 C
137 138 T
138 139 T
139 140 C
140 141 C
141 142 A
142 143 G
143 144 G
144 145 A
145 146 G
146 147 C
147 148 A
148 149 T
149 150 C
150 151 G
151 152 C
152 153 A
153 154 T
154 155 A
155 156 G
156 157 G
157 158 C
158 159 C
159 160 T
160 161 C
161 162 C
162 163 A
163 164 C
164 165 G
165 166 G
166 167 T
167 168 C
168 169 G
169 170 G
170 171 C
171 172 A
4 173 C
173 174 C
174 175 A
175 176 A
176 177 T
177 178 C
178 179 T
179 180 C
180 181 G
181 182 A
182 183 A
183 184 C
184 185 A
185 186 T
186 187 C
187 188 C
188 189 A
189 190 A
190 191 G
191 192 G
192 193 A
193 194 A
194 195 G
195 196 G
196 197 G
197 198 C
198 199 T
199 200 T
200 201 T
201 202 G
202 203 C
203 204 G
204 205 G
205 206 T
206 207 A
207 208 A
208 209 G
209 210 A
210 211 T
211 212 C
212 213 G
213 214 G
214 215 T
215 216 C
216 217 T
217 218 C
218 219 A
219 220 G
220 221 G
221 222 T
222 223 G
223 224 C
224 225 C
225 226 C
226 227 G
227 228 T
228 229 A
229 230 A
230 231 A
231 232 G
232 233 T
233 234 G
234 235 C
235 236 G
236 237 T
237 238 C
238 239 T
239 240 T
240 241 C
241 242 G
242 243 T
243 244 G
244 245 A
245 246 C
246 247 G
247 248 C
248 249 T
249 250 A
250 251 T
251 252 T
252 253 T
253 254 A
254 255 T
255 256 A
256 257 G
257 258 C
258 259 A
259 260 A
4 261 T
261 262 C
262 263 A
263 264 A
264 265 A
265 266 A
266 267 G
267 268 T
268 269 G
269 270 G
270 271 T
271 272 G
272 273 G
273 274 C
274 275 T
275 276 A
276 277 C
277 278 A
278 279 C
279 280 G
280 281 A
281 282 T
282 283 T
283 284 T
284 285 G
285 286 T
286 287 C
287 288 C
288 289 G
289 290 T
290 291 C
291 292 G
292 293 A
293 294 T
294 295 A
295 296 T
296 297 C
297 298 G
298 299 A
299 300 A
300 301 A
301 302 A
302 303 G
303 304 T
304 305 C
305 306 G
306 307 T
307 308 T
308 309 A
309 310 G
310 311 A
311 312 C
312 313 C
313 314 C
314 315 A
315 316 A
316 317 A
317 318 C
318 319 G
319 320 T
320 321 T
321 322 C
322 323 G
323 324 A
324 325 G
325 326 A
326 327 T
327 328 G
328 329 A
329 330 G
330 331 C
331 332 A
332 333 C
333 334 C
334 335 G
335 336 C
336 337 A
337 338 A
338 339 G
339 340 T
340 341 T
341 342 C
342 343 A
343 344 T
344 345 G
345 346 C
346 347 G
347 348 T
348 349 A
349 350 C
350 351 C
351 352 G
352 353 A
353 354 G
354 355 T
355 356 T
356 357 C
3 358 T
358 359 C
359 360 C
360 361 A
361 362 C
362 363 G
363 364 A
364 365 C
365 366 G
366 367 A
367 368 A
368 369 G
369 370 A
370 371 C
371 372 C
372 373 G
373 374 G
374 375 C
375 376 G
376 377 G
377 378 C
378 379 A
379 380 G
380 381 G
381 382 C
382 383 C
383 384 C
384 385 A
385 386 G
386 387 A
387 388 T
388 389 C
389 390 G
390 391 G
391 392 C
392 393 C
393 394 A
394 395 G
395 396 G
396 397 C
397 398 A
398 399 G
399 400 G
400 401 G
401 402 G
402 403 T
403 404 A
404 405 G
405 406 C
406 407 T
407 408 A
408 409 T
409 410 C
410 411 A
411 412 G
412 413 A
413 414 C
414 415 T
415 416 C
416 417 C
417 418 G
418 419 A
419 420 C
420 421 G
421 422 T
422 423 T
423 424 C
424 425 G
425 426 G
426 427 G
427 428 C
428 429 C
429 430 A
430 431 G
431 432 C
432 433 A
433 434 A
434 435 T
435 436 C
436 437 G
437 438 C
438 439 T
359 440 T
440 441 C
441 442 A
442 443 G
443 444 A
444 445 G
445 446 T
446 447 G
447 448 G
448 449 T
449 450 T
450 451 A
451 452 T
452 453 A
453 454 T
454 455 A
455 456 A
456 457 C
457 458 C
458 459 G
459 460 G
460 461 T
461 462 A
462 463 G
463 464 A
464 465 A
465 466 T
466 467 A
467 468 C
468 469 T
469 470 C
470 471 T
471 472 G
472 473 T
473 474 T
474 475 T
475 476 G
476 477 C
477 478 T
478 479 A
479 480 C
480 481 T
481 482 C
482 483 G
483 484 A
484 485 C
485 486 A
486 487 A
487 488 A
488 489 C
489 490 G
490 491 T
491 492 A
492 493 A
493 494 C
494 495 T
495 496 C
496 497 C
497 498 T
498 499 C
499 500 C
500 501 G
501 502 C
502 503 T
503 504 G
504 505 A
505 506 G
506 507 C
507 508 A
508 509 T
509 510 T
510 511 A
511 512 T
512 513 T
513 514 C
514 515 G
515 516 A
516 517 G
517 518 C
518 519 A
519 520 G
520 521 C
521 522 G
522 523 C
358 524 A
524 525 G
525 526 C
526 527 A
527 528 A
528 529 A
529 530 G
530 531 T
531 532 C
532 533 A
533 534 T
534 535 T
535 536 A
536 537 C
537 538 T
538 539 G
539 540 T
540 541 C
541 542 G
542 543 A
543 544 G
544 545 G
545 546 A
546 547 G
547 548 A
548 549 A
549 550 T
550 551 G
551 552 T
552 553 G
553 554 A
554 555 A
555 556 C
556 557 G
557 558 G
558 559 C
559 560 A
560 561 A
561 562 G
562 563 C
563 564 C
564 565 G
565 566 T
566 567 C
567 568 A
568 569 T
569 570 T
570 571 G
571 572 T
572 573 T
573 574 C
574 575 A
575 576 A
576 577 T
577 578 G
578 579 G
579 580 T
580 581 C
581 582 A
582 583 C
583 584 A
584 585 C
585 586 T
586 587 T
587 588 A
588 589 C
589 590 T
590 591 C
591 592 T
592 593 A
593 594 A
594 595 A
595 596 G
596 597 T
597 598 T
598 599 A
599 600 G
600 601 G
601 602 T
602 603 G
358 604 T
604 605 A
605 606 G
606 607 A
607 608 G
608 609 T
609 610 C
610 611 T
611 612 T
612 613 A
613 614 T
614 615 C
615 616 T
616 617 C
617 618 C
618 619 A
619 620 A
620 621 G
621 622 C
622 623 G
623 624 T
624 625 C
625 626 C
626 627 A
627 628 T
628 629 C
629 630 G
630 631 A
631 632 C
632 633 G
633 634 C
634 635 G
635 636 G
636 637 C
637 638 G
638 639 T
639 640 G
640 641 T
641 642 T
642 643 A
643 644 A
644 645 C
645 646 A
646 647 A
647 648 G
648 649 T
649 650 T
650 651 T
651 652 A
652 653 T
653 654 A
654 655 G
655 656 T
656 657 C
657 658 A
658 659 G
659 660 G
660 661 C
661 662 C
662 663 A
663 664 T
664 665 C
665 666 G
666 667 A
667 668 C
668 669 A
669 670 T
670 671 T
671 672 C
672 673 C
673 674 A
674 675 G
675 676 T
676 677 T
677 678 A
678 679 G
679 680 A
680 681 T
3 682 G
682 683 C
683 684 A
684 685 G
685 686 T
686 687 G
687 688 T
688 689 A
689 690 G
690 691 A
691 692 C
692 693 G
693 694 T
694 695 C
695 696 T
696 697 G
697 698 A
698 699 A
699 700 A
700 701 A
701 702 T
702 703 G
703 704 C
704 705 T
705 706 G
706 707 C
707 708 G
708 709 C
709 710 A
710 711 C
711 712 T
712 713 G
713 714 G
714 715 C
715 716 C
716 717 C
717 718 G
718 719 C
719 720 A
720 721 C
721 722 C
722 723 C
723 724 A
724 725 C
725 726 G
726 727 T
727 728 T
728 729 T
729 730 C
730 731 T
731 732 C
732 733 G
733 734 G
734 735 G
735 736 T
736 737 C
737 738 G
738 739 C
739 740 G
740 741 A
741 742 T
742 743 T
743 744 C
744 745 A
745 746 T
746 747 A
747 748 C
748 749 G
749 750 A
750 751 A
751 752 T
752 753 T
753 754 C
754 755 A
755 756 T
756 757 C
757 758 C
758 759 G
759 760 C
760 761 C
761 762 C
762 763 T
2 764 T
764 765 C
765 766 A
766 767 C
767 768 A
768 769 C
769 770 T
770 771 G
771 772 C
772 773 T
773 774 A
774 775 C
775 776 G
776 777 T
777 778 A
778 779 T
779 780 T
780 781 G
781 782 A
782 783 G
783 784 T
784 785 G
785 786 G
786 787 A
787 788 C
788 789 T
789 790 G
790 791 A
791 792 T
792 793 T
793 794 A
794 795 G
795 796 A
796 797 C
797 798 G
798 799 C
799 800 A
800 801 C
801 802 C
802 803 C
803 804 T
804 805 A
805 806 T
806 807 C
807 808 C
808 809 A
809 810 C
810 811 T
811 812 C
812 813 T
813 814 C
814 815 A
815 816 T
816 817 C
817 818 T
818 819 G
819 820 C
820 821 C
821 822 C
822 823 A
823 824 A
824 825 T
825 826 G
826 827 A
827 828 G
828 829 G
829 830 G
830 831 C
831 832 A
832 833 C
833 834 C
834 835 G
835 836 C
836 837 G
837 838 C
838 839 T
839 840 T
840 841 G
841 842 T
842 843 T
843 844 G
844 845 A
845 846 T
846 847 A
847 848 A
848 849 A
849 850 T
850 851 G
851 852 A
766 853 T
853 854 T
854 855 A
855 856 A
856 857 T
857 858 T
858 859 A
859 860 A
860 861 C
861 862 G
862 863 T
863 864 T
864 865 T
865 866 G
866 867 T
867 868 T
868 869 C
869 870 T
870 871 T
871 872 G
872 873 T
873 874 T
874 875 A
875 876 C
876 877 C
877 878 C
878 879 T
879 880 T
880 881 A
881 882 G
882 883 C
883 884 C
884 885 G
885 886 C
886 887 C
887 888 T
888 889 C
889 890 T
890 891 G
891 892 T
892 893 G
893 894 C
894 895 C
895 896 T
896 897 C
897 898 G
898 899 T
899 900 C
900 901 G
901 902 T
902 903 T
903 904 A
904 905 C
905 906 A
906 907 G
907 908 C
908 909 A
909 910 A
910 911 A
911 912 T
912 913 C
913 914 G
914 915 A
915 916 C
916 917 G
917 918 A
918 919 A
919 920 G
920 921 T
921 922 T
922 923 T
923 924 G
924 925 G
925 926 T
926 927 G
927 928 A
928 929 A
929 930 A
930 931 T
931 932 T
932 933 C
933 934 A
934 935 A
935 936 A
765 937 C
937 938 A
938 939 C
939 940 T
940 941 A
941 942 T
942 943 G
943 944 G
944 945 G
945 946 G
946 947 G
947 948 G
948 949 C
949 950 G
950 951 C
951 952 C
952 953 C
953 954 C
954 955 A
955 956 T
956 957 G
957 958 T
958 959 C
959 960 G
960 961 A
961 962 A
962 963 G
963 964 T
964 965 G
965 966 C
966 967 C
967 968 C
968 969 T
969 970 G
970 971 G
971 972 C
972 973 T
973 974 A
974 975 T
975 976 T
976 977 G
977 978 A
978 979 C
979 980 A
980 981 A
981 982 G
982 983 A
983 984 A
984 985 T
985 986 T
986 987 A
987 988 A
988 989 C
989 990 C
990 991 A
991 992 C
992 993 T
993 994 T
994 995 A
995 996 A
996 997 C
997 998 A
998 999 A
999 1000 C
1000 1001 T
1001 1002 T
1002 1003 T
1003 1004 C
1004 1005 G
1005 1006 G
1006 1007 A
1007 1008 G
1008 1009 T
1009 1010 C
1010 1011 C
1011 1012 C
1012 1013 C
1013 1014 G
1014 1015 T
1015 1016 T
764 1017 T
1017 1018 T
1018 1019 T
1019 1020 A
1020 1021 A
1021 1022 A
1022 1023 C
1023 1024 C
1024 1025 C
1025 1026 C
1026 1027 C
1027 1028 T
1028 1029 G
1029 1030 G
1030 1031 A
1031 1032 T
1032 1033 G
1033 1034 A
1034 1035 T
1035 1036 C
1036 1037 A
1037 1038 C
1038 1039 G
1039 1040 C
1040 1041 A
1041 1042 G
1042 1043 T
1043 1044 A
1044 1045 A
1045 1046 C
1046 1047 C
1047 1048 A
1048 1049 A
1049 1050 A
1050 1051 C
1051 1052 A
1052 1053 T
1053 1054 G
1054 1055 A
1055 1056 T
1056 1057 A
1057 1058 G
1058 1059 G
1059 1060 T
1060 1061 T
1061 1062 A
1062 1063 T
1063 1064 T
1064 1065 C
1065 1066 T
1066 1067 C
1067 1068 T
1068 1069 T
1069 1070 T
1070 1071 G
1071 1072 T
1072 1073 A
1073 1074 T
1074 1075 G
1075 1076 T
1076 1077 C
1077 1078 C
1078 1079 A
1079 1080 G
1080 1081 G
1081 1082 T
1082 1083 C
1083 1084 T
1084 1085 G
1085 1086 G
1086 1087 T
1087 1088 T
1088 1089 A
1089 1090 T
1090 1091 T
1091 1092 T
1092 1093 G
1093 1094 C
764 1095 A
1095 1096 C
1096 1097 G
1097 1098 T
1098 1099 G
1099 1100 A
1100 1101 G
1101 1102 T
1102 1103 T
1103 1104 A
1104 1105 C
1105 1106 A
1106 1107 A
1107 1108 G
1108 1109 G
1109 1110 T
1110 1111 T
1111 1112 G
1112 1113 G
1113 1114 C
1114 1115 C
1115 1116 G
1116 1117 G
1117 1118 T
1118 1119 G
1119 1120 C
1120 1121 C
1121 1122 C
1122 1123 C
1123 1124 T
1124 1125 T
1125 1126 C
1126 1127 A
1127 1128 A
1128 1129 T
1129 1130 A
1130 1131 A
1131 1132 C
1132 1133 C
1133 1134 A
1134 1135 C
1135 1136 T
1136 1137 C
1137 1138 C
1138 1139 C
1139 1140 G
1140 1141 T
1141 1142 A
1142 1143 A
1143 1144 T
1144 1145 C
1145 1146 G
1146 1147 G
1147 1148 A
1148 1149 G
1149 1150 A
1150 1151 A
1151 1152 C
1152 1153 G
1153 1154 T
1154 1155 C
1155 1156 A
1156 1157 C
1157 1158 G
1158 1159 C
1159 1160 A
1160 1161 C
1161 1162 A
1162 1163 G
1163 1164 C
1164 1165 A
1165 1166 C
1166 1167 G
1167 1168 T
1168 1169 G
1169 1170 A
1170 1171 C
1171 1172 T
1172 1173 T
1173 1174 T
1174 1175 T
1175 1176 G
1176 1177 G
1177 1178 G
1178 1179 T
1179 1180 A
1180 1181 G
1181 1182 T
1182 1183 C
1183 1184 G
1095 1185 A
1185 1186 C
1186 1187 T
1187 1188 A
1188 1189 T
1189 1190 C
1190 1191 C
1191 1192 T
1192 1193 T
1193 1194 T
1194 1195 A
1195 1196 T
1196 1197 T
1197 1198 G
1198 1199 C
1199 1200 G
1200 1201 T
1201 1202 C
1202 1203 T
1203 1204 C
1204 1205 T
1205 1206 T
1206 1207 C
1207 1208 T
1208 1209 C
1209 1210 G
1210 1211 G
1211 1212 T
1212 1213 G
1213 1214 A
1214 1215 C
1215 1216 A
1216 1217 T
1217 1218 T
1218 1219 C
1219 1220 A
1220 1221 G
1221 1222 A
1222 1223 A
1223 1224 A
1224 1225 T
1225 1226 G
1226 1227 T
1227 1228 G
1228 1229 A
1229 1230 C
1230 1231 C
1231 1232 A
1232 1233 T
1233 1234 C
1234 1235 G
1235 1236 G
1236 1237 G
1237 1238 T
1238 1239 A
1239 1240 C
1240 1241 G
1241 1242 G
1242 1243 A
1243 1244 C
1244 1245 G
1245 1246 G
1246 1247 G
1247 1248 T
1248 1249 A
1249 1250 T
1250 1251 T
1251 1252 G
1252 1253 A
1253 1254 G
1254 1255 G
1255 1256 G
1256 1257 T
1257 1258 G
1258 1259 T
1259 1260 T
1260 1261 T
1261 1262 G
1262 1263 A
1263 1264 T
1264 1265 G
1265 1266 T
1266 1267 C
1267 1268 A
1268 1269 G
1269 1270 C
1270 1271 A
1271 1272 C
1272 1273 G
1273 1274 C
764 1275 G
1275 1276 C
1276 1277 T
1277 1278 C
1278 1279 C
1279 1280 G
1280 1281 T
1281 1282 A
1282 1283 G
1283 1284 C
1284 1285 C
1285 1286 A
1286 1287 T
1287 1288 T
1288 1289 G
1289 1290 T
1290 1291 A
1291 1292 T
1292 1293 G
1293 1294 A
1294 1295 C
1295 1296 G
1296 1297 C
1297 1298 A
1298 1299 A
1299 1300 C
1300 1301 A
1301 1302 A
1302 1303 A
1303 1304 T
1304 1305 A
1305 1306 T
1306 1307 T
1307 1308 G
1308 1309 T
1309 1310 C
1310 1311 A
1311 1312 A
1312 1313 T
1313 1314 G
1314 1315 A
1315 1316 G
1316 1317 T
1317 1318 A
1318 1319 C
1319 1320 C
1320 1321 C
1321 1322 C
1322 1323 G
1323 1324 G
1324 1325 A
1325 1326 A
1326 1327 T
1327 1328 T
1328 1329 A
1329 1330 G
1330 1331 T
1331 1332 C
1332 1333 G
1333 1334 G
1334 1335 G
1335 1336 T
1336 1337 A
1337 1338 T
1338 1339 C
1339 1340 C
1340 1341 A
1341 1342 A
1342 1343 C
1343 1344 T
1344 1345 A
1345 1346 A
1346 1347 C
1347 1348 C
1348 1349 G
1349 1350 C
1350 1351 A
1351 1352 A
1352 1353 T
1353 1354 G
1354 1355 A
1355 1356 G
1356 1357 C
1357 1358 T
1358 1359 C
1359 1360 C
1360 1361 G
1361 1362 G
1362 1363 A
1363 1364 C
1364 1365 T
1365 1366 C
1275 1367 T
1367 1368 A
1368 1369 A
1369 1370 T
1370 1371 G
1371 1372 A
1372 1373 A
1373 1374 G
1374 1375 C
1375 1376 T
1376 1377 A
1377 1378 A
1378 1379 A
1379 1380 T
1380 1381 A
1381 1382 T
1382 1383 T
1383 1384 A
1384 1385 G
1385 1386 A
1386 1387 G
1387 1388 T
1388 1389 T
1389 1390 C
1390 1391 T
1391 1392 T
1392 1393 T
1393 1394 A
1394 1395 A
1395 1396 C
1396 1397 A
1397 1398 G
1398 1399 A
1399 1400 A
1400 1401 G
1401 1402 C
1402 1403 T
1403 1404 G
1404 1405 T
1405 1406 G
1406 1407 G
1407 1408 G
1408 1409 C
1409 1410 T
1410 1411 G
1411 1412 C
1412 1413 C
1413 1414 A
1414 1415 T
1415 1416 C
1416 1417 G
1417 1418 A
1418 1419 A
1419 1420 G
1420 1421 G
1421 1422 G
1422 1423 C
1423 1424 T
1424 1425 T
1425 1426 G
1426 1427 C
1427 1428 T
1428 1429 T
1429 1430 C
1430 1431 A
1431 1432 A
1432 1433 C
1433 1434 C
1434 1435 C
1435 1436 T
1436 1437 T
1437 1438 G
1438 1439 C
1439 1440 G
1440 1441 C
1441 1442 T
1442 1443 A
1443 1444 A
1444 1445 C
1445 1446 T
1446 1447 G
1447 1448 G
1448 1449 T
1449 1450 T
1450 1451 T
1451 1452 C
2 1453 G
1453 1454 A
1454 1455 G
1455 1456 G
1456 1457 C
1457 1458 T
1458 1459 A
1459 1460 G
1460 1461 C
1461 1462 A
1462 1463 G
1463 1464 T
1464 1465 C
1465 1466 A
1466 1467 T
1467 1468 T
1468 1469 A
1469 1470 G
1470 1471 T
1471 1472 T
1472 1473 G
1473 1474 T
1474 1475 C
1475 1476 A
1476 1477 A
1477 1478 A
1478 1479 A
1479 1480 T
1480 1481 A
1481 1482 C
1482 1483 A
1483 1484 A
1484 1485 G
1485 1486 C
1486 1487 G
1487 1488 T
1488 1489 A
1489 1490 T
1490 1491 A
1491 1492 A
1492 1493 C
1493 1494 G
1494 1495 T
1495 1496 G
1496 1497 C
1497 1498 A
1498 1499 A
1499 1500 C
1500 1501 T
1501 1502 T
1502 1503 A
1503 1504 T
1504 1505 A
1505 1506 T
1506 1507 A
1507 1508 C
1508 1509 C
1509 1510 C
1510 1511 A
1511 1512 T
1512 1513 A
1513 1514 A
1514 1515 A
1515 1516 A
1516 1517 A
1517 1518 G
1518 1519 C
1519 1520 C
1520 1521 C
1521 1522 A
1522 1523 C
1523 1524 T
1524 1525 G
1525 1526 A
1526 1527 A
1527 1528 T
1528 1529 A
1529 1530 G
1530 1531 C
1531 1532 G
1532 1533 T
1533 1534 C
1534 1535 G
1535 1536 C
1536 1537 C
1454 1538 A
1538 1539 A
1539 1540 A
1540 1541 T
1541 1542 G
1542 1543 G
1543 1544 C
1544 1545 A
1545 1546 T
1546 1547 A
1547 1548 T
1548 1549 T
1549 1550 T
1550 1551 G
1551 1552 C
1552 1553 T
1553 1554 A
1554 1555 G
1555 1556 T
1556 1557 T
1557 1558 C
1558 1559 C
1559 1560 G
1560 1561 A
1561 1562 G
1562 1563 G
1563 1564 G
1564 1565 G
1565 1566 A
1566 1567 A
1567 1568 T
1568 1569 G
1569 1570 G
1570 1571 G
1571 1572 G
1572 1573 G
1573 1574 A
1574 1575 G
1575 1576 A
1576 1577 G
1577 1578 C
1578 1579 C
1579 1580 A
1580 1581 G
1581 1582 T
1582 1583 A
1583 1584 G
1584 1585 G
1585 1586 G
1586 1587 A
1587 1588 G
1588 1589 T
1589 1590 A
1590 1591 T
1591 1592 G
1592 1593 T
1593 1594 C
1594 1595 A
1595 1596 A
1596 1597 T
1597 1598 C
1598 1599 T
1599 1600 T
1600 1601 A
1601 1602 G
1602 1603 A
1603 1604 T
1604 1605 C
1605 1606 T
1606 1607 A
1607 1608 T
1608 1609 C
1609 1610 T
1610 1611 A
1611 1612 C
1612 1613 G
1613 1614 A
1614 1615 G
1615 1616 C
1616 1617 G
1617 1618 A
1454 1619 T
1619 1620 C
1620 1621 A
1621 1622 C
1622 1623 C
1623 1624 A
1624 1625 T
1625 1626 T
1626 1627 A
1627 1628 C
1628 1629 A
1629 1630 T
1630 1631 G
1631 1632 A
1632 1633 A
1633 1634 G
1634 1635 G
1635 1636 A
1636 1637 C
1637 1638 G
1638 1639 G
1639 1640 T
1640 1641 C
1641 1642 G
1642 1643 T
1643 1644 G
1644 1645 G
1645 1646 C
1646 1647 C
1647 1648 T
1648 1649 A
1649 1650 A
1650 1651 T
1651 1652 A
1652 1653 T
1653 1654 C
1654 1655 G
1655 1656 T
1656 1657 C
1657 1658 A
1658 1659 C
1659 1660 C
1660 1661 T
1661 1662 C
1662 1663 A
1663 1664 C
1664 1665 A
1665 1666 G
1666 1667 T
1667 1668 C
1668 1669 A
1669 1670 G
1670 1671 A
1671 1672 T
1672 1673 T
1673 1674 T
1674 1675 G
1675 1676 C
1676 1677 A
1677 1678 G
1678 1679 C
1679 1680 T
1680 1681 G
1681 1682 C
1682 1683 T
1683 1684 G
1684 1685 T
1685 1686 G
1686 1687 C
1687 1688 C
1688 1689 C
1689 1690 C
1690 1691 A
1691 1692 G
1692 1693 A
1693 1694 A
1694 1695 T
1695 1696 T
1453 1697 C
1697 1698 A
1698 1699 C
1699 1700 G
1700 1701 T
1701 1702 T
1702 1703 A
1703 1704 C
1704 1705 T
1705 1706 T
1706 1707 A
1707 1708 G
1708 1709 G
1709 1710 C
1710 1711 C
1711 1712 C
1712 1713 T
1713 1714 G
1714 1715 T
1715 1716 T
1716 1717 T
1717 1718 A
1718 1719 C
1719 1720 T
1720 1721 C
1721 1722 T
1722 1723 T
1723 1724 A
1724 1725 A
1725 1726 G
1726 1727 C
1727 1728 T
1728 1729 G
1729 1730 C
1730 1731 A
1731 1732 C
1732 1733 C
1733 1734 C
1734 1735 C
1735 1736 A
1736 1737 C
1737 1738 T
1738 1739 C
1739 1740 C
1740 1741 T
1741 1742 A
1742 1743 T
1743 1744 G
1744 1745 G
1745 1746 A
1746 1747 A
1747 1748 C
1748 1749 A
1749 1750 T
1750 1751 T
1751 1752 A
1752 1753 T
1753 1754 C
1754 1755 A
1755 1756 T
1756 1757 G
1757 1758 A
1758 1759 G
1759 1760 T
1760 1761 A
1761 1762 C
1762 1763 G
1763 1764 A
1764 1765 C
1765 1766 G
1766 1767 A
1767 1768 G
1768 1769 G
1769 1770 A
1770 1771 C
1771 1772 A
1772 1773 G
1773 1774 C
1774 1775 A
1775 1776 C
1776 1777 A
1777 1778 A
1778 1779 C
1779 1780 T
1780 1781 C
1781 1782 A
1698 1783 A
1783 1784 A
1784 1785 A
1785 1786 A
1786 1787 A
1787 1788 C
1788 1789 T
1789 1790 G
1790 1791 C
1791 1792 G
1792 1793 C
1793 1794 C
1794 1795 A
1795 1796 T
1796 1797 C
1797 1798 C
1798 1799 T
1799 1800 C
1800 1801 C
1801 1802 G
1802 1803 C
1803 1804 T
1804 1805 A
1805 1806 C
1806 1807 C
1807 1808 A
1808 1809 A
1809 1810 G
1810 1811 C
1811 1812 T
1812 1813 G
1813 1814 G
1814 1815 C
1815 1816 T
1816 1817 G
1817 1818 G
1818 1819 A
1819 1820 T
1820 1821 T
1821 1822 A
1822 1823 C
1823 1824 T
1824 1825 C
1825 1826 T
1826 1827 C
1827 1828 A
1828 1829 C
1829 1830 G
1830 1831 C
1831 1832 G
1832 1833 G
1833 1834 T
1834 1835 A
1835 1836 A
1836 1837 C
1837 1838 G
1838 1839 A
1839 1840 T
1840 1841 A
1841 1842 A
1842 1843 G
1843 1844 T
1844 1845 C
1845 1846 A
1846 1847 A
1847 1848 G
1848 1849 A
1849 1850 T
1850 1851 A
1851 1852 A
1852 1853 G
1853 1854 G
1854 1855 A
1855 1856 T
1856 1857 A
1857 1858 T
1858 1859 G
1859 1860 T
1860 1861 G
1861 1862 G
1862 1863 C
1863 1864 A
1864 1865 G
1865 1866 C
1866 1867 C
1867 1868 A
1868 1869 T
1869 1870 A
1870 1871 G
1871 1872 T
1872 1873 G
1873 1874 G
1874 1875 A
1875 1876 A
1876 1877 G
1877 1878 C
1697 1879 C
1879 1880 T
1880 1881 T
1881 1882 C
1882 1883 C
1883 1884 A
1884 1885 G
1885 1886 G
1886 1887 C
1887 1888 G
1888 1889 C
1889 1890 G
1890 1891 C
1891 1892 T
1892 1893 G
1893 1894 T
1894 1895 G
1895 1896 T
1896 1897 G
1897 1898 C
1898 1899 C
1899 1900 G
1900 1901 C
1901 1902 C
1902 1903 A
1903 1904 G
1904 1905 A
1905 1906 G
1906 1907 T
1907 1908 T
1908 1909 T
1909 1910 T
1910 1911 T
1911 1912 A
1912 1913 G
1913 1914 G
1914 1915 T
1915 1916 A
1916 1917 G
1917 1918 A
1918 1919 C
1919 1920 C
1920 1921 T
1921 1922 A
1922 1923 C
1923 1924 A
1924 1925 A
1925 1926 G
1926 1927 A
1927 1928 G
1928 1929 G
1929 1930 T
1930 1931 T
1931 1932 T
1932 1933 C
1933 1934 T
1934 1935 C
1935 1936 G
1936 1937 A
1937 1938 G
1938 1939 A
1939 1940 G
1940 1941 C
1941 1942 C
1942 1943 G
1943 1944 T
1944 1945 G
1945 1946 G
1946 1947 C
1947 1948 C
1948 1949 G
1949 1950 A
1950 1951 G
1951 1952 G
1952 1953 C
1953 1954 T
1954 1955 A
1955 1956 G
1956 1957 A
1957 1958 C
1958 1959 A
1959 1960 A
1960 1961 G
1961 1962 G
1962 1963 A
1963 1964 G
1964 1965 G
1965 1966 C
1966 1967 A
1453 1968 T
1968 1969 T
1969 1970 C
1970 1971 C
1971 1972 C
1972 1973 G
1973 1974 G
1974 1975 T
1975 1976 T
1976 1977 T
1977 1978 G
1978 1979 G
1979 1980 A
1980 1981 C
1981 1982 C
1982 1983 G
1983 1984 A
1984 1985 G
1985 1986 C
1986 1987 G
1987 1988 A
1988 1989 G
1989 1990 G
1990 1991 C
1991 1992 A
1992 1993 C
1993 1994 A
1994 1995 G
1995 1996 G
1996 1997 G
1997 1998 C
1998 1999 C
1999 2000 A
2000 2001 G
2001 2002 T
2002 2003 T
2003 2004 C
2004 2005 G
2005 2006 C
2006 2007 C
2007 2008 T
2008 2009 A
2009 2010 T
2010 2011 T
2011 2012 C
2012 2013 T
2013 2014 T
2014 2015 G
2015 2016 C
2016 2017 T
2017 2018 G
2018 2019 T
2019 2020 G
2020 2021 C
2021 2022 G
2022 2023 T
2023 2024 G
2024 2025 T
2025 2026 C
2026 2027 C
2027 2028 G
2028 2029 C
2029 2030 A
2030 2031 G
2031 2032 T
2032 2033 C
2033 2034 A
2034 2035 A
2035 2036 C
2036 2037 A
2037 2038 A
2038 2039 T
2039 2040 A
2040 2041 A
2041 2042 C
2042 2043 C
2043 2044 G
2044 2045 T
2045 2046 T
2046 2047 A
2047 2048 T
2 2049 C
2049 2050 A
2050 2051 G
2051 2052 G
2052 2053 A
2053 2054 A
2054 2055 A
2055 2056 T
2056 2057 G
2057 2058 T
2058 2059 C
2059 2060 T
2060 2061 T
2061 2062 A
2062 2063 G
2063 2064 T
2064 2065 A
2065 2066 T
2066 2067 A
2067 2068 T
2068 2069 A
2069 2070 A
2070 2071 A
2071 2072 A
2072 2073 T
2073 2074 C
2074 2075 C
2075 2076 A
2076 2077 C
2077 2078 G
2078 2079 C
2079 2080 C
2080 2081 G
2081 2082 T
2082 2083 A
2083 2084 A
2084 2085 G
2085 2086 G
2086 2087 T
2087 2088 A
2088 2089 C
2089 2090 C
2090 2091 G
2091 2092 T
2092 2093 A
2093 2094 T
2094 2095 T
2095 2096 G
2096 2097 G
2097 2098 C
2098 2099 G
2099 2100 T
2100 2101 A
2101 2102 A
2102 2103 A
2103 2104 A
2104 2105 T
2105 2106 C
2106 2107 C
2107 2108 C
2108 2109 A
2109 2110 A
2110 2111 C
2111 2112 G
2112 2113 A
2113 2114 A
2114 2115 T
2115 2116 G
2116 2117 G
2117 2118 G
2118 2119 A
2119 2120 A
2120 2121 A
2121 2122 C
2122 2123 G
2123 2124 C
2124 2125 C
2125 2126 G
2126 2127 C
2127 2128 C
2128 2129 A
2129 2130 C
2130 2131 C
2131 2132 A
2132 2133 G
2133 2134 A
2134 2135 G
2135 2136 A
1 2137 G
2137 2138 A
2138 2139 C
2139 2140 T
2140 2141 T
2141 2142 G
2142 2143 T
2143 2144 T
2144 2145 G
2145 2146 C
2146 2147 T
2147 2148 C
2148 2149 G
2149 2150 C
2150 2151 T
2151 2152 T
2152 2153 G
2153 2154 T
2154 2155 A
2155 2156 T
2156 2157 G
2157 2158 T
2158 2159 A
2159 2160 G
2160 2161 C
2161 2162 A
2162 2163 C
2163 2164 T
2164 2165 T
2165 2166 C
2166 2167 G
2167 2168 A
2168 2169 C
2169 2170 G
2170 2171 T
2171 2172 G
2172 2173 A
2173 2174 C
2174 2175 G
2175 2176 G
2176 2177 C
2177 2178 T
2178 2179 T
2179 2180 T
2180 2181 C
2181 2182 G
2182 2183 A
2183 2184 C
2184 2185 A
2185 2186 C
2186 2187 C
2187 2188 T
2188 2189 T
2189 2190 C
2190 2191 C
2191 2192 T
2192 2193 T
2193 2194 T
2194 2195 A
2195 2196 T
2196 2197 C
2197 2198 C
2198 2199 T
2199 2200 A
2200 2201 G
2201 2202 T
2202 2203 G
2203 2204 A
2204 2205 T
2205 2206 C
2206 2207 A
2207 2208 C
2208 2209 T
2209 2210 G
2210 2211 G
2211 2212 G
2212 2213 T
2213 2214 C
2214 2215 A
2215 2216 A
2216 2217 A
2217 2218 G
2218 2219 C
2141 2220 A
2220 2221 T
2221 2222 A
2222 2223 T
2223 2224 C
2224 2225 C
2225 2226 T
2226 2227 C
2227 2228 G
2228 2229 T
2229 2230 T
2230 2231 G
2231 2232 T
2232 2233 G
2233 2234 G
2234 2235 A
2235 2236 C
2236 2237 A
2237 2238 G
2238 2239 C
2239 2240 T
2240 2241 A
2241 2242 C
2242 2243 G
2243 2244 C
2244 2245 A
2245 2246 C
2246 2247 G
2247 2248 C
2248 2249 A
2249 2250 T
2250 2251 A
2251 2252 T
2252 2253 T
2253 2254 A
2254 2255 T
2255 2256 T
2256 2257 G
2257 2258 T
2258 2259 C
2259 2260 G
2260 2261 A
2261 2262 T
2262 2263 A
2263 2264 G
2264 2265 A
2265 2266 A
2266 2267 T
2267 2268 C
2268 2269 G
2269 2270 C
2270 2271 C
2271 2272 G
2272 2273 T
2273 2274 T
2274 2275 C
2275 2276 C
2276 2277 A
2277 2278 G
2278 2279 A
2279 2280 C
2280 2281 T
2281 2282 A
2282 2283 T
2283 2284 A
2284 2285 T
2285 2286 C
2286 2287 C
2287 2288 C
2288 2289 G
2289 2290 C
2290 2291 C
2291 2292 A
2292 2293 C
2293 2294 A
2294 2295 T
2295 2296 A
2296 2297 T
2297 2298 T
2298 2299 C
2299 2300 G
2300 2301 A
2301 2302 A
2302 2303 T
2303 2304 A
2304 2305 C
2305 2306 G
2306 2307 C
2307 2308 G
2308 2309 A
2309 2310 T
2138 2311 T
2311 2312 A
2312 2313 G
2313 2314 A
2314 2315 T
2315 2316 T
2316 2317 T
2317 2318 T
2318 2319 C
2319 2320 C
2320 2321 C
2321 2322 G
2322 2323 C
2323 2324 T
2324 2325 C
2325 2326 C
2326 2327 A
2327 2328 T
2328 2329 C
2329 2330 C
2330 2331 C
2331 2332 C
2332 2333 A
2333 2334 G
2334 2335 G
2335 2336 A
2336 2337 T
2337 2338 A
2338 2339 A
2339 2340 G
2340 2341 C
2341 2342 T
2342 2343 A
2343 2344 G
2344 2345 T
2345 2346 T
2346 2347 T
2347 2348 T
2348 2349 A
2349 2350 C
2350 2351 A
2351 2352 A
2352 2353 C
2353 2354 T
2354 2355 G
2355 2356 G
2356 2357 C
2357 2358 C
2358 2359 G
2359 2360 T
2360 2361 T
2361 2362 A
2362 2363 A
2363 2364 T
2364 2365 T
2365 2366 T
2366 2367 G
2367 2368 A
2368 2369 C
2369 2370 T
2370 2371 G
2371 2372 A
2372 2373 C
2373 2374 C
2374 2375 G
2375 2376 T
2376 2377 C
2377 2378 A
2378 2379 A
2379 2380 C
2380 2381 T
2381 2382 A
2382 2383 C
2383 2384 A
2384 2385 C
2385 2386 A
2386 2387 A
2387 2388 A
2388 2389 A
2389 2390 T
2390 2391 A
2391 2392 C
2392 2393 T
2393 2394 C
2394 2395 G
2395 2396 C
2396 2397 G
2397 2398 C
2398 2399 A
2138 2400 G
2400 2401 G
2401 2402 G
2402 2403 C
2403 2404 G
2404 2405 C
2405 2406 A
2406 2407 A
2407 2408 G
2408 2409 G
2409 2410 C
2410 2411 G
2411 2412 A
2412 2413 T
2413 2414 A
2414 2415 A
2415 2416 G
2416 2417 A
2417 2418 C
2418 2419 C
2419 2420 G
2420 2421 A
2421 2422 G
2422 2423 T
2423 2424 A
2424 2425 C
2425 2426 A
2426 2427 G
2427 2428 C
2428 2429 C
2429 2430 C
2430 2431 A
2431 2432 A
2432 2433 C
2433 2434 G
2434 2435 T
2435 2436 C
2436 2437 C
2437 2438 T
2438 2439 G
2439 2440 A
2440 2441 G
2441 2442 G
2442 2443 C
2443 2444 G
2444 2445 T
2445 2446 T
2446 2447 C
2447 2448 C
2448 2449 C
2449 2450 G
2450 2451 C
2451 2452 G
2452 2453 A
2453 2454 G
2454 2455 T
2455 2456 T
2456 2457 A
2457 2458 A
2458 2459 A
2459 2460 G
2460 2461 C
2461 2462 C
2462 2463 C
2463 2464 C
2464 2465 C
2465 2466 A
2466 2467 G
2467 2468 T
2468 2469 G
2469 2470 C
2470 2471 C
2471 2472 C
2472 2473 T
2473 2474 C
2474 2475 C
2475 2476 T
2476 2477 C
2477 2478 G
2478 2479 G
2479 2480 T
2480 2481 G
2481 2482 C
2482 2483 G
2137 2484 T
2484 2485 T
2485 2486 C
2486 2487 T
2487 2488 A
2488 2489 A
2489 2490 G
2490 2491 C
2491 2492 A
2492 2493 A
2493 2494 A
2494 2495 C
2495 2496 C
2496 2497 T
2497 2498 T
2498 2499 A
2499 2500 A
2500 2501 A
2501 2502 T
2502 2503 G
2503 2504 A
2504 2505 A
2505 2506 T
2506 2507 C
2507 2508 A
2508 2509 G
2509 2510 T
2510 2511 G
2511 2512 T
2512 2513 G
2513 2514 T
2514 2515 A
2515 2516 T
2516 2517 A
2517 2518 C
2518 2519 T
2519 2520 T
2520 2521 C
2521 2522 C
2522 2523 G
2523 2524 T
2524 2525 A
2525 2526 G
2526 2527 C
2527 2528 T
2528 2529 G
2529 2530 A
2530 2531 G
2531 2532 T
2532 2533 A
2533 2534 T
2534 2535 G
2535 2536 A
2536 2537 T
2537 2538 T
2538 2539 C
2539 2540 C
2540 2541 A
2541 2542 A
2542 2543 G
2543 2544 C
2544 2545 T
2545 2546 C
2546 2547 A
2547 2548 G
2548 2549 G
2549 2550 A
2550 2551 T
2551 2552 C
2552 2553 T
2553 2554 A
2554 2555 A
2555 2556 A
2556 2557 G
2557 2558 C
2558 2559 G
2559 2560 A
2560 2561 G
2561 2562 G
2562 2563 A
2563 2564 C
2564 2565 A
2565 2566 A
2566 2567 T
2567 2568 C
2568 2569 T
2569 2570 G
2570 2571 G
2571 2572 C
2484 2573 G
2573 2574 T
2574 2575 T
2575 2576 A
2576 2577 A
2577 2578 A
2578 2579 A
2579 2580 G
2580 2581 A
2581 2582 T
2582 2583 C
2583 2584 G
2584 2585 T
2585 2586 T
2586 2587 A
2587 2588 A
2588 2589 G
2589 2590 C
2590 2591 C
2591 2592 A
2592 2593 A
2593 2594 C
2594 2595 C
2595 2596 C
2596 2597 A
2597 2598 A
2598 2599 G
2599 2600 G
2600 2601 G
2601 2602 C
2602 2603 A
2603 2604 G
2604 2605 A
2605 2606 G
2606 2607 C
2607 2608 G
2608 2609 A
2609 2610 G
2610 2611 C
2611 2612 A
2612 2613 C
2613 2614 A
2614 2615 C
2615 2616 A
2616 2617 G
2617 2618 T
2618 2619 A
2619 2620 C
2620 2621 G
2621 2622 G
2622 2623 C
2623 2624 T
2624 2625 C
2625 2626 G
2626 2627 G
2627 2628 G
2628 2629 C
2629 2630 C
2630 2631 A
2631 2632 C
2632 2633 A
2633 2634 G
2634 2635 C
2635 2636 A
2636 2637 C
2637 2638 T
2638 2639 G
2639 2640 G
2640 2641 T
2641 2642 C
2642 2643 G
2643 2644 C
2644 2645 A
2645 2646 C
2646 2647 A
2647 2648 C
2648 2649 G
2649 2650 G
2650 2651 G
2651 2652 C
2652 2653 A
2653 2654 C
2654 2655 T
2655 2656 C
2656 2657 T
2657 2658 C
2658 2659 C
2659 2660 A
2660 2661 C
2661 2662 T
2662 2663 C
2663 2664 T
2664 2665 C
2665 2666 C
2666 2667 C
2667 2668 G
2668 2669 C
2669 2670 A
2484 2671 C
2671 2672 G
2672 2673 A
2673 2674 T
2674 2675 A
2675 2676 C
2676 2677 G
2677 2678 C
2678 2679 T
2679 2680 C
2680 2681 A
2681 2682 G
2682 2683 A
2683 2684 C
2684 2685 C
2685 2686 C
2686 2687 T
2687 2688 G
2688 2689 A
2689 2690 T
2690 2691 G
2691 2692 G
2692 2693 C
2693 2694 C
2694 2695 C
2695 2696 G
2696 2697 A
2697 2698 A
2698 2699 T
2699 2700 A
2700 2701 C
2701 2702 G
2702 2703 T
2703 2704 G
2704 2705 T
2705 2706 C
2706 2707 G
2707 2708 A
2708 2709 A
2709 2710 G
2710 2711 C
2711 2712 A
2712 2713 G
2713 2714 T
2714 2715 A
2715 2716 G
2716 2717 G
2717 2718 C
2718 2719 A
2719 2720 C
2720 2721 A
2721 2722 G
2722 2723 A
2723 2724 A
2724 2725 T
2725 2726 A
2726 2727 T
2727 2728 T
2728 2729 A
2729 2730 T
2730 2731 C
2731 2732 A
2732 2733 G
2733 2734 T
2734 2735 C
2735 2736 C
2736 2737 C
2737 2738 A
2738 2739 T
2739 2740 G
2740 2741 C
2741 2742 A
2742 2743 C
2743 2744 C
2744 2745 A
2745 2746 C
2746 2747 A
2747 2748 C
2748 2749 T
2749 2750 G
2750 2751 A
2751 2752 G
2752 2753 A
2753 2754 A
2754 2755 C
2755 2756 G
2756 2757 G
2137 2758 C
2758 2759 C
2759 2760 A
2760 2761 G
2761 2762 A
2762 2763 C
2763 2764 A
2764 2765 C
2765 2766 C
2766 2767 T
2767 2768 C
2768 2769 C
2769 2770 C
2770 2771 G
2771 2772 T
2772 2773 C
2773 2774 T
2774 2775 T
2775 2776 C
2776 2777 C
2777 2778 A
2778 2779 C
2779 2780 C
2780 2781 T
2781 2782 A
2782 2783 G
2783 2784 C
2784 2785 C
2785 2786 G
2786 2787 A
2787 2788 A
2788 2789 G
2789 2790 A
2790 2791 G
2791 2792 A
2792 2793 A
2793 2794 C
2794 2795 C
2795 2796 C
2796 2797 G
2797 2798 T
2798 2799 C
2799 2800 G
2800 2801 T
2801 2802 G
2802 2803 C
2803 2804 T
2804 2805 C
2805 2806 C
2806 2807 T
2807 2808 A
2808 2809 G
2809 2810 G
2810 2811 C
2811 2812 G
2812 2813 A
2813 2814 G
2814 2815 A
2815 2816 G
2816 2817 G
2817 2818 T
2818 2819 G
2819 2820 T
2820 2821 C
2821 2822 T
2822 2823 T
2823 2824 A
2824 2825 A
2825 2826 A
2826 2827 C
2827 2828 T
2828 2829 C
2829 2830 T
2830 2831 G
2831 2832 C
2832 2833 G
2833 2834 G
2834 2835 T
2835 2836 T
2836 2837 G
2837 2838 C
2760 2839 C
2839 2840 C
2840 2841 A
2841 2842 A
2842 2843 T
2843 2844 A
2844 2845 C
2845 2846 C
2846 2847 A
2847 2848 C
2848 2849 A
2849 2850 C
2850 2851 T
2851 2852 A
2852 2853 G
2853 2854 A
2854 2855 T
2855 2856 A
2856 2857 A
2857 2858 C
2858 2859 A
2859 2860 G
2860 2861 C
2861 2862 C
2862 2863 A
2863 2864 G
2864 2865 A
2865 2866 A
2866 2867 A
2867 2868 T
2868 2869 C
2869 2870 C
2870 2871 A
2871 2872 C
2872 2873 T
2873 2874 C
2874 2875 T
2875 2876 C
2876 2877 G
2877 2878 G
2878 2879 G
2879 2880 C
2880 2881 T
2881 2882 C
2882 2883 T
2883 2884 T
2884 2885 G
2885 2886 A
2886 2887 A
2887 2888 T
2888 2889 A
2889 2890 C
2890 2891 T
2891 2892 T
2892 2893 A
2893 2894 T
2894 2895 G
2895 2896 C
2896 2897 T
2897 2898 A
2898 2899 C
2899 2900 G
2900 2901 G
2901 2902 G
2902 2903 T
2903 2904 C
2904 2905 C
2905 2906 C
2906 2907 C
2907 2908 A
2908 2909 T
2909 2910 T
2910 2911 C
2911 2912 G
2912 2913 A
2913 2914 C
2914 2915 T
2915 2916 G
2916 2917 C
2917 2918 T
2918 2919 G
2919 2920 G
2920 2921 G
2921 2922 T
2922 2923 C
2923 2924 G
2758 2925 G
2925 2926 T
2926 2927 C
2927 2928 C
2928 2929 C
2929 2930 G
2930 2931 G
2931 2932 G
2932 2933 G
2933 2934 C
2934 2935 G
2935 2936 C
2936 2937 T
2937 2938 T
2938 2939 A
2939 2940 C
2940 2941 C
2941 2942 A
2942 2943 T
2943 2944 A
2944 2945 A
2945 2946 A
2946 2947 G
2947 2948 A
2948 2949 T
2949 2950 C
2950 2951 T
2951 2952 A
2952 2953 G
2953 2954 C
2954 2955 T
2955 2956 C
2956 2957 C
2957 2958 G
2958 2959 A
2959 2960 C
2960 2961 G
2961 2962 A
2962 2963 T
2963 2964 A
2964 2965 A
2965 2966 G
2966 2967 A
2967 2968 A
2968 2969 G
2969 2970 G
2970 2971 T
2971 2972 G
2972 2973 T
2973 2974 A
2974 2975 C
2975 2976 T
2976 2977 A
2977 2978 T
2978 2979 C
2979 2980 C
2980 2981 A
2981 2982 C
2982 2983 T
2983 2984 G
2984 2985 C
2985 2986 A
2986 2987 A
2987 2988 T
2988 2989 A
2989 2990 A
2990 2991 C
2991 2992 C
2992 2993 T
2993 2994 G
2994 2995 G
2995 2996 A
2996 2997 C
2997 2998 A
2998 2999 A
2999 3000 C
3000 3001 G
3001 3002 C
3002 3003 T
2927 3004 G
3004 3005 C
3005 3006 C
3006 3007 A
3007 3008 G
3008 3009 G
3009 3010 A
3010 3011 G
3011 3012 G
3012 3013 C
3013 3014 C
3014 3015 C
3015 3016 C
3016 3017 G
3017 3018 G
3018 3019 T
3019 3020 G
3020 3021 T
3021 3022 C
3022 3023 T
3023 3024 A
3024 3025 C
3025 3026 T
3026 3027 G
3027 3028 T
3028 3029 A
3029 3030 C
3030 3031 G
3031 3032 T
3032 3033 A
3033 3034 G
3034 3035 G
3035 3036 A
3036 3037 T
3037 3038 C
3038 3039 T
3039 3040 A
3040 3041 A
3041 3042 C
3042 3043 G
3043 3044 A
3044 3045 T
3045 3046 T
3046 3047 A
3047 3048 C
3048 3049 A
3049 3050 G
3050 3051 G
3051 3052 A
3052 3053 C
3053 3054 T
3054 3055 T
3055 3056 T
3056 3057 A
3057 3058 G
3058 3059 G
3059 3060 C
3060 3061 A
3061 3062 T
3062 3063 C
3063 3064 T
3064 3065 G
3065 3066 A
3066 3067 T
3067 3068 A
3068 3069 A
3069 3070 T
3070 3071 A
3071 3072 G
3072 3073 C
3073 3074 T
3074 3075 T
3075 3076 A
3076 3077 A
3077 3078 A
3078 3079 C
3079 3080 G
3080 3081 T
3081 3082 T
3082 3083 T
3083 3084 C
3084 3085 C
3085 3086 T
3086 3087 G
3087 3088 C
3088 3089 C
3089 3090 T
3090 3091 T
3091 3092 G
3092 3093 C
3093 3094 A
3094 3095 C
3095 3096 C
3096 3097 G
3097 3098 C
2758 3099 T
3099 3100 G
3100 3101 T
3101 3102 G
3102 3103 A
3103 3104 G
3104 3105 G
3105 3106 C
3106 3107 C
3107 3108 C
3108 3109 A
3109 3110 C
3110 3111 G
3111 3112 A
3112 3113 T
3113 3114 C
3114 3115 C
3115 3116 T
3116 3117 C
3117 3118 C
3118 3119 T
3119 3120 G
3120 3121 A
3121 3122 C
3122 3123 A
3123 3124 G
3124 3125 A
3125 3126 C
3126 3127 G
3127 3128 G
3128 3129 A
3129 3130 T
3130 3131 A
3131 3132 C
3132 3133 A
3133 3134 G
3134 3135 A
3135 3136 G
3136 3137 G
3137 3138 T
3138 3139 G
3139 3140 G
3140 3141 C
3141 3142 G
3142 3143 A
3143 3144 C
3144 3145 C
3145 3146 T
3146 3147 A
3147 3148 T
3148 3149 G
3149 3150 C
3150 3151 A
3151 3152 A
3152 3153 A
3153 3154 T
3154 3155 T
3155 3156 A
3156 3157 A
3157 3158 C
3158 3159 C
3159 3160 T
3160 3161 A
3161 3162 T
3162 3163 A
3163 3164 A
3164 3165 T
3165 3166 G
3166 3167 A
3167 3168 C
3168 3169 T
3169 3170 A
3170 3171 T
3171 3172 A
3172 3173 A
3173 3174 T
3174 3175 T
3175 3176 A
3176 3177 A
3177 3178 G
3178 3179 C
2137 3180 G
3180 3181 A
3181 3182 G
3182 3183 G
3183 3184 C
3184 3185 A
3185 3186 T
3186 3187 G
3187 3188 G
3188 3189 C
3189 3190 A
3190 3191 G
3191 3192 G
3192 3193 C
3193 3194 C
3194 3195 G
3195 3196 A
3196 3197 A
3197 3198 A
3198 3199 A
3199 3200 A
3200 3201 T
3201 3202 C
3202 3203 C
3203 3204 G
3204 3205 A
3205 3206 A
3206 3207 G
3207 3208 C
3208 3209 A
3209 3210 G
3210 3211 A
3211 3212 C
3212 3213 G
3213 3214 G
3214 3215 T
3215 3216 T
3216 3217 A
3217 3218 G
3218 3219 T
3219 3220 C
3220 3221 C
3221 3222 T
3222 3223 C
3223 3224 A
3224 3225 C
3225 3226 A
3226 3227 C
3227 3228 T
3228 3229 T
3229 3230 C
3230 3231 T
3231 3232 C
3232 3233 C
3233 3234 A
3234 3235 A
3235 3236 C
3236 3237 A
3237 3238 A
3238 3239 T
3239 3240 T
3240 3241 G
3241 3242 C
3242 3243 G
3243 3244 T
3244 3245 G
3245 3246 A
3246 3247 A
3247 3248 G
3248 3249 T
3249 3250 T
3250 3251 T
3251 3252 C
3252 3253 A
3253 3254 T
3254 3255 T
3255 3256 G
3256 3257 A
3257 3258 A
3258 3259 T
3259 3260 G
3260 3261 A
3261 3262 T
3262 3263 A
3263 3264 C
3264 3265 T
3265 3266 A
3266 3267 T
3267 3268 T
3268 3269 T
3183 3270 G
3270 3271 G
3271 3272 A
3272 3273 G
3273 3274 C
3274 3275 C
3275 3276 T
3276 3277 A
3277 3278 A
3278 3279 C
3279 3280 G
3280 3281 C
3281 3282 C
3282 3283 A
3283 3284 C
3284 3285 T
3285 3286 A
3286 3287 C
3287 3288 A
3288 3289 C
3289 3290 T
3290 3291 C
3291 3292 C
3292 3293 A
3293 3294 T
3294 3295 C
3295 3296 G
3296 3297 A
3297 3298 G
3298 3299 C
3299 3300 T
3300 3301 T
3301 3302 A
3302 3303 T
3303 3304 A
3304 3305 C
3305 3306 T
3306 3307 T
3307 3308 G
3308 3309 A
3309 3310 G
3310 3311 C
3311 3312 G
3312 3313 G
3313 3314 A
3314 3315 T
3315 3316 C
3316 3317 C
3317 3318 A
3318 3319 G
3319 3320 T
3320 3321 C
3321 3322 T
3322 3323 C
3323 3324 T
3324 3325 C
3325 3326 T
3326 3327 G
3327 3328 A
3328 3329 A
3329 3330 C
3330 3331 A
3331 3332 T
3332 3333 C
3333 3334 T
3334 3335 G
3335 3336 T
3336 3337 C
3337 3338 T
3338 3339 G
3339 3340 A
3340 3341 T
3341 3342 G
3342 3343 A
3343 3344 C
3344 3345 C
3345 3346 T
3346 3347 G
3347 3348 A
3348 3349 A
3349 3350 A
3350 3351 A
3351 3352 C
3352 3353 G
3353 3354 T
3354 3355 G
3355 3356 A
3356 3357 G
3357 3358 C
3358 3359 G
3359 3360 C
3360 3361 A
3182 3362 A
3362 3363 A
3363 3364 T
3364 3365 T
3365 3366 A
3366 3367 T
3367 3368 C
3368 3369 G
3369 3370 G
3370 3371 A
3371 3372 A
3372 3373 A
3373 3374 A
3374 3375 A
3375 3376 A
3376 3377 A
3377 3378 T
3378 3379 C
3379 3380 T
3380 3381 G
3381 3382 A
3382 3383 T
3383 3384 A
3384 3385 G
3385 3386 G
3386 3387 G
3387 3388 A
3388 3389 C
3389 3390 A
3390 3391 A
3391 3392 G
3392 3393 A
3393 3394 C
3394 3395 C
3395 3396 A
3396 3397 G
3397 3398 A
3398 3399 T
3399 3400 A
3400 3401 T
3401 3402 C
3402 3403 A
3403 3404 C
3404 3405 T
3405 3406 C
3406 3407 C
3407 3408 G
3408 3409 A
3409 3410 A
3410 3411 A
3411 3412 T
3412 3413 G
3413 3414 G
3414 3415 T
3415 3416 A
3416 3417 A
3417 3418 G
3418 3419 A
3419 3420 C
3420 3421 A
3421 3422 A
3422 3423 C
3423 3424 G
3424 3425 G
3425 3426 C
3426 3427 C
3427 3428 C
3428 3429 T
3429 3430 A
3430 3431 A
3431 3432 C
3432 3433 A
3433 3434 A
3434 3435 A
3435 3436 T
3436 3437 A
3437 3438 T
3438 3439 G
3439 3440 T
3440 3441 A
3441 3442 A
3442 3443 C
3443 3444 C
3444 3445 T
3445 3446 T
3446 3447 T
3447 3448 T
3448 3449 G
3180 3450 C
3450 3451 T
3451 3452 G
3452 3453 G
3453 3454 T
3454 3455 T
3455 3456 T
3456 3457 A
3457 3458 A
3458 3459 A
3459 3460 A
3460 3461 G
3461 3462 G
3462 3463 G
3463 3464 A
3464 3465 C
3465 3466 A
3466 3467 A
3467 3468 G
3468 3469 C
3469 3470 T
3470 3471 G
3471 3472 T
3472 3473 C
3473 3474 T
3474 3475 C
3475 3476 A
3476 3477 G
3477 3478 T
3478 3479 C
3479 3480 T
3480 3481 A
3481 3482 G
3482 3483 C
3483 3484 A
3484 3485 C
3485 3486 A
3486 3487 A
3487 3488 T
3488 3489 A
3489 3490 A
3490 3491 G
3491 3492 G
3492 3493 A
3493 3494 G
3494 3495 A
3495 3496 C
3496 3497 T
3497 3498 A
3498 3499 T
3499 3500 C
3500 3501 C
3501 3502 A
3502 3503 G
3503 3504 T
3504 3505 C
3505 3506 C
3506 3507 T
3507 3508 C
3508 3509 C
3509 3510 T
3510 3511 T
3511 3512 T
3512 3513 A
3513 3514 C
3514 3515 T
3515 3516 C
3516 3517 A
3517 3518 G
3518 3519 T
3519 3520 A
3520 3521 A
3521 3522 G
3522 3523 T
3523 3524 G
3524 3525 A
3525 3526 G
3526 3527 G
3527 3528 C
3528 3529 A
3529 3530 G
3530 3531 G
3531 3532 A
3532 3533 G
3452 3534 A
3534 3535 A
3535 3536 C
3536 3537 T
3537 3538 T
3538 3539 C
3539 3540 A
3540 3541 T
3541 3542 T
3542 3543 C
3543 3544 A
3544 3545 C
3545 3546 T
3546 3547 A
3547 3548 C
3548 3549 C
3549 3550 A
3550 3551 T
3551 3552 G
3552 3553 T
3553 3554 G
3554 3555 G
3555 3556 A
3556 3557 C
3557 3558 T
3558 3559 A
3559 3560 A
3560 3561 T
3561 3562 T
3562 3563 G
3563 3564 C
3564 3565 T
3565 3566 G
3566 3567 G
3567 3568 A
3568 3569 T
3569 3570 A
3570 3571 C
3571 3572 T
3572 3573 C
3573 3574 T
3574 3575 T
3575 3576 C
3576 3577 A
3577 3578 C
3578 3579 G
3579 3580 A
3580 3581 A
3581 3582 T
3582 3583 A
3583 3584 C
3584 3585 G
3585 3586 T
3586 3587 C
3587 3588 G
3588 3589 T
3589 3590 C
3590 3591 T
3591 3592 C
3592 3593 C
3593 3594 G
3594 3595 A
3595 3596 A
3596 3597 G
3597 3598 C
3598 3599 A
3599 3600 T
3600 3601 C
3601 3602 G
3602 3603 T
3603 3604 T
3604 3605 C
3605 3606 C
3606 3607 A
3607 3608 T
3608 3609 A
3609 3610 C
3610 3611 C
3611 3612 A
3612 3613 T
3613 3614 T
3614 3615 A
3615 3616 G
3616 3617 C
3617 3618 G
3618 3619 C
3619 3620 G
3620 3621 G
3621 3622 A
3622 3623 C
3623 3624 A
3624 3625 A
3180 3626 G
3626 3627 C
3627 3628 T
3628 3629 G
3629 3630 C
3630 3631 G
3631 3632 T
3632 3633 T
3633 3634 C
3634 3635 C
3635 3636 G
3636 3637 G
3637 3638 A
3638 3639 C
3639 3640 A
3640 3641 T
3641 3642 T
3642 3643 G
3643 3644 G
3644 3645 G
3645 3646 A
3646 3647 G
3647 3648 A
3648 3649 T
3649 3650 G
3650 3651 G
3651 3652 G
3652 3653 C
3653 3654 A
3654 3655 G
3655 3656 T
3656 3657 G
3657 3658 A
3658 3659 T
3659 3660 A
3660 3661 C
3661 3662 A
3662 3663 T
3663 3664 C
3664 3665 T
3665 3666 T
3666 3667 C
3667 3668 C
3668 3669 A
3669 3670 T
3670 3671 T
3671 3672 T
3672 3673 A
3673 3674 C
3674 3675 G
3675 3676 A
3676 3677 A
3677 3678 C
3678 3679 A
3679 3680 A
3680 3681 A
3681 3682 C
3682 3683 C
3683 3684 T
3684 3685 A
3685 3686 G
3686 3687 A
3687 3688 C
3688 3689 A
3689 3690 G
3690 3691 T
3691 3692 C
3692 3693 A
3693 3694 G
3694 3695 A
3695 3696 A
3696 3697 C
3697 3698 G
3698 3699 T
3699 3700 T
3700 3701 A
3701 3702 A
3702 3703 T
3627 3704 G
3704 3705 C
3705 3706 T
3706 3707 T
3707 3708 C
3708 3709 C
3709 3710 G
3710 3711 G
3711 3712 A
3712 3713 C
3713 3714 A
3714 3715 C
3715 3716 T
3716 3717 T
3717 3718 A
3718 3719 A
3719 3720 T
3720 3721 G
3721 3722 G
3722 3723 T
3723 3724 T
3724 3725 A
3725 3726 C
3726 3727 T
3727 3728 C
3728 3729 G
3729 3730 G
3730 3731 G
3731 3732 A
3732 3733 A
3733 3734 A
3734 3735 T
3735 3736 C
3736 3737 A
3737 3738 T
3738 3739 T
3739 3740 T
3740 3741 T
3741 3742 G
3742 3743 T
3743 3744 G
3744 3745 T
3745 3746 T
3746 3747 A
3747 3748 A
3748 3749 C
3749 3750 A
3750 3751 G
3751 3752 T
3752 3753 T
3753 3754 T
3754 3755 G
3755 3756 G
3756 3757 G
3757 3758 A
3758 3759 T
3759 3760 A
3760 3761 C
3761 3762 A
3762 3763 G
3763 3764 A
3764 3765 T
3765 3766 G
3766 3767 G
3767 3768 C
3768 3769 T
3769 3770 T
3770 3771 C
3771 3772 G
3772 3773 A
3773 3774 A
3774 3775 T
3775 3776 T
3776 3777 T
3777 3778 T
3778 3779 T
3779 3780 T
3780 3781 A
3781 3782 G
3782 3783 T
3783 3784 A
3784 3785 C
3785 3786 G
3786 3787 G
3787 3788 C
3788 3789 A
3180 3790 T
3790 3791 A
3791 3792 C
3792 3793 G
3793 3794 C
3794 3795 A
3795 3796 G
3796 3797 G
3797 3798 G
3798 3799 A
3799 3800 T
3800 3801 A
3801 3802 T
3802 3803 C
3803 3804 C
3804 3805 G
3805 3806 T
3806 3807 C
3807 3808 C
3808 3809 T
3809 3810 T
3810 3811 T
3811 3812 C
3812 3813 G
3813 3814 C
3814 3815 C
3815 3816 G
3816 3817 C
3817 3818 T
3818 3819 A
3819 3820 C
3820 3821 A
3821 3822 A
3822 3823 A
3823 3824 A
3824 3825 A
3825 3826 G
3826 3827 T
3827 3828 A
3828 3829 C
3829 3830 T
3830 3831 T
3831 3832 C
3832 3833 T
3833 3834 G
3834 3835 G
3835 3836 T
3836 3837 C
3837 3838 G
3838 3839 G
3839 3840 G
3840 3841 T
3841 3842 G
3842 3843 T
3843 3844 G
3844 3845 A
3845 3846 C
3846 3847 G
3847 3848 C
3848 3849 C
3849 3850 G
3850 3851 A
3851 3852 C
3852 3853 A
3853 3854 C
3854 3855 G
3855 3856 G
3856 3857 T
3857 3858 T
3858 3859 G
3859 3860 G
3860 3861 T
3861 3862 G
3862 3863 C
3863 3864 A
3864 3865 A
3865 3866 A
3866 3867 G
3867 3868 G
3868 3869 T
3869 3870 C
3870 3871 C
3871 3872 A
3872 3873 G
3873 3874 A
3874 3875 A
3875 3876 T
3876 3877 C
3877 3878 G
1 3879 A
3879 3880 C
3880 3881 T
3881 3882 A
3882 3883 A
3883 3884 A
3884 3885 A
3885 3886 G
3886 3887 C
3887 3888 C
3888 3889 C
3889 3890 C
3890 3891 A
3891 3892 G
3892 3893 A
3893 3894 C
3894 3895 T
3895 3896 G
3896 3897 G
3897 3898 C
3898 3899 G
3899 3900 A
3900 3901 C
3901 3902 A
3902 3903 C
3903 3904 G
3904 3905 G
3905 3906 G
3906 3907 T
3907 3908 G
3908 3909 C
3909 3910 C
3910 3911 A
3911 3912 C
3912 3913 T
3913 3914 G
3914 3915 C
3915 3916 A
3916 3917 C
3917 3918 T
3918 3919 C
3919 3920 A
3920 3921 G
3921 3922 G
3922 3923 C
3923 3924 T
3924 3925 C
3925 3926 A
3926 3927 C
3927 3928 A
3928 3929 G
3929 3930 G
3930 3931 T
3931 3932 C
3932 3933 G
3933 3934 T
3934 3935 C
3935 3936 T
3936 3937 A
3937 3938 A
3938 3939 A
3939 3940 T
3940 3941 T
3941 3942 G
3942 3943 A
3943 3944 T
3944 3945 G
3945 3946 G
3946 3947 T
3947 3948 C
3948 3949 T
3949 3950 C
3950 3951 A
3951 3952 A
3952 3953 T
3953 3954 C
3954 3955 C
3955 3956 G
3956 3957 C
3957 3958 C
3958 3959 T
3959 3960 A
3960 3961 A
3961 3962 G
3962 3963 G
3963 3964 T
3964 3965 A
3965 3966 T
3966 3967 C
3882 3968 C
3968 3969 T
3969 3970 T
3970 3971 T
3971 3972 C
3972 3973 T
3973 3974 T
3974 3975 G
3975 3976 C
3976 3977 A
3977 3978 C
3978 3979 C
3979 3980 G
3980 3981 A
3981 3982 G
3982 3983 G
3983 3984 C
3984 3985 G
3985 3986 C
3986 3987 A
3987 3988 T
3988 3989 C
3989 3990 G
3990 3991 C
3991 3992 T
3992 3993 A
3993 3994 G
3994 3995 C
3995 3996 A
3996 3997 C
3997 3998 A
3998 3999 T
3999 4000 T
4000 4001 G
4001 4002 C
4002 4003 T
4003 4004 T
4004 4005 C
4005 4006 C
4006 4007 T
4007 4008 A
4008 4009 C
4009 4010 T
4010 4011 C
4011 4012 C
4012 4013 C
4013 4014 A
4014 4015 A
4015 4016 G
4016 4017 G
4017 4018 A
4018 4019 A
4019 4020 A
4020 4021 A
4021 4022 A
4022 4023 G
4023 4024 G
4024 4025 A
4025 4026 A
4026 4027 T
4027 4028 G
4028 4029 C
4029 4030 T
4030 4031 T
4031 4032 T
4032 4033 A
4033 4034 A
4034 4035 G
4035 4036 C
4036 4037 T
4037 4038 C
4038 4039 A
4039 4040 A
4040 4041 T
4041 4042 T
4042 4043 C
4043 4044 T
4044 4045 A
4045 4046 A
4046 4047 T
4047 4048 T
4048 4049 A
4049 4050 A
4050 4051 T
4051 4052 G
4052 4053 A
3881 4054 C
4054 4055 T
4055 4056 T
4056 4057 C
4057 4058 T
4058 4059 C
4059 4060 A
4060 4061 A
4061 4062 G
4062 4063 C
4063 4064 C
4064 4065 A
4065 4066 C
4066 4067 T
4067 4068 A
4068 4069 C
4069 4070 T
4070 4071 C
4071 4072 C
4072 4073 A
4073 4074 C
4074 4075 C
4075 4076 A
4076 4077 G
4077 4078 A
4078 4079 T
4079 4080 C
4080 4081 T
4081 4082 T
4082 4083 T
4083 4084 A
4084 4085 C
4085 4086 T
4086 4087 C
4087 4088 G
4088 4089 C
4089 4090 G
4090 4091 G
4091 4092 C
4092 4093 A
4093 4094 A
4094 4095 A
4095 4096 T
4096 4097 A
4097 4098 A
4098 4099 C
4099 4100 T
4100 4101 A
4101 4102 T
4102 4103 T
4103 4104 G
4104 4105 C
4105 4106 C
4106 4107 G
4107 4108 C
4108 4109 A
4109 4110 A
4110 4111 T
4111 4112 T
4112 4113 T
4113 4114 T
4114 4115 C
4115 4116 A
4116 4117 G
4117 4118 A
4118 4119 G
4119 4120 T
4120 4121 C
4121 4122 C
4122 4123 A
4123 4124 C
4124 4125 T
4125 4126 T
4126 4127 T
4127 4128 A
4128 4129 G
4129 4130 T
4130 4131 G
4131 4132 A
4132 4133 T
4133 4134 C
4134 4135 C
4135 4136 T
4136 4137 T
4137 4138 G
4138 4139 C
4139 4140 A
3880 4141 G
4141 4142 T
4142 4143 T
4143 4144 C
4144 4145 A
4145 4146 A
4146 4147 G
4147 4148 G
4148 4149 C
4149 4150 G
4150 4151 C
4151 4152 A
4152 4153 C
4153 4154 A
4154 4155 G
4155 4156 T
4156 4157 A
4157 4158 C
4158 4159 T
4159 4160 G
4160 4161 A
4161 4162 C
4162 4163 G
4163 4164 T
4164 4165 A
4165 4166 T
4166 4167 C
4167 4168 A
4168 4169 C
4169 4170 C
4170 4171 T
4171 4172 A
4172 4173 G
4173 4174 A
4174 4175 C
4175 4176 C
4176 4177 A
4177 4178 A
4178 4179 A
4179 4180 T
4180 4181 T
4181 4182 G
4182 4183 C
4183 4184 T
4184 4185 G
4185 4186 C
4186 4187 T
4187 4188 G
4188 4189 C
4189 4190 T
4190 4191 C
4191 4192 A
4192 4193 A
4193 4194 G
4194 4195 G
4195 4196 G
4196 4197 C
4197 4198 T
4198 4199 G
4199 4200 G
4200 4201 G
4201 4202 T
4202 4203 C
4203 4204 C
4204 4205 A
4205 4206 G
4206 4207 T
4207 4208 A
4208 4209 T
4209 4210 T
4210 4211 G
4211 4212 A
4212 4213 A
4213 4214 T
4214 4215 G
4215 4216 T
4216 4217 A
4217 4218 T
4218 4219 T
4219 4220 T
4220 4221 G
4221 4222 G
4222 4223 A
4223 4224 A
4224 4225 A
3880 4226 C
4226 4227 A
4227 4228 T
4228 4229 T
4229 4230 G
4230 4231 G
4231 4232 A
4232 4233 C
4233 4234 G
4234 4235 G
4235 4236 C
4236 4237 T
4237 4238 C
4238 4239 C
4239 4240 G
4240 4241 T
4241 4242 C
4242 4243 T
4243 4244 T
4244 4245 A
4245 4246 A
4246 4247 A
4247 4248 G
4248 4249 T
4249 4250 G
4250 4251 A
4251 4252 G
4252 4253 T
4253 4254 A
4254 4255 G
4255 4256 A
4256 4257 G
4257 4258 C
4258 4259 G
4259 4260 G
4260 4261 T
4261 4262 C
4262 4263 A
4263 4264 C
4264 4265 G
4265 4266 T
4266 4267 C
4267 4268 T
4268 4269 A
4269 4270 A
4270 4271 G
4271 4272 G
4272 4273 T
4273 4274 A
4274 4275 G
4275 4276 A
4276 4277 C
4277 4278 G
4278 4279 A
4279 4280 T
4280 4281 A
4281 4282 C
4282 4283 A
4283 4284 A
4284 4285 A
4285 4286 A
4286 4287 A
4287 4288 T
4288 4289 A
4289 4290 T
4290 4291 T
4291 4292 C
4292 4293 G
4293 4294 T
4294 4295 T
4295 4296 A
4296 4297 G
4297 4298 C
4298 4299 T
4299 4300 G
4300 4301 C
4301 4302 C
4302 4303 C
4303 4304 C
4304 4305 G
4305 4306 C
4306 4307 C
4307 4308 T
4308 4309 A
4309 4310 C
4310 4311 C
4311 4312 T
4312 4313 C
4313 4314 C
4314 4315 G
4315 4316 A
4226 4317 T
4317 4318 C
4318 4319 G
4319 4320 T
4320 4321 G
4321 4322 A
4322 4323 C
4323 4324 T
4324 4325 T
4325 4326 C
4326 4327 C
4327 4328 T
4328 4329 G
4329 4330 G
4330 4331 A
4331 4332 G
4332 4333 A
4333 4334 T
4334 4335 T
4335 4336 A
4336 4337 T
4337 4338 C
4338 4339 C
4339 4340 T
4340 4341 G
4341 4342 G
4342 4343 T
4343 4344 T
4344 4345 C
4345 4346 G
4346 4347 A
4347 4348 A
4348 4349 T
4349 4350 A
4350 4351 G
4351 4352 T
4352 4353 T
4353 4354 C
4354 4355 G
4355 4356 A
4356 4357 G
4357 4358 T
4358 4359 T
4359 4360 A
4360 4361 T
4361 4362 T
4362 4363 C
4363 4364 C
4364 4365 C
4365 4366 T
4366 4367 T
4367 4368 T
4368 4369 G
4369 4370 A
4370 4371 T
4371 4372 T
4372 4373 G
4373 4374 C
4374 4375 G
4375 4376 T
4376 4377 G
4377 4378 A
4378 4379 C
4379 4380 A
4380 4381 G
4381 4382 G
4382 4383 A
4383 4384 G
4384 4385 C
4385 4386 G
4386 4387 A
4387 4388 A
4388 4389 A
4389 4390 C
4390 4391 C
4391 4392 G
4392 4393 T
4393 4394 A
4394 4395 A
4395 4396 C
4396 4397 T
4397 4398 G
4398 4399 T
4399 4400 C
4400 4401 A
4401 4402 A
4402 4403 G
3880 4404 A
4404 4405 C
4405 4406 T
4406 4407 A
4407 4408 G
4408 4409 A
4409 4410 A
4410 4411 C
4411 4412 T
4412 4413 T
4413 4414 T
4414 4415 C
4415 4416 G
4416 4417 C
4417 4418 G
4418 4419 C
4419 4420 A
4420 4421 T
4421 4422 C
4422 4423 G
4423 4424 A
4424 4425 A
4425 4426 T
4426 4427 A
4427 4428 T
4428 4429 A
4429 4430 C
4430 4431 A
4431 4432 G
4432 4433 G
4433 4434 T
4434 4435 C
4435 4436 G
4436 4437 T
4437 4438 T
4438 4439 G
4439 4440 T
4440 4441 G
4441 4442 A
4442 4443 C
4443 4444 T
4444 4445 C
4445 4446 C
4446 4447 C
4447 4448 G
4448 4449 C
4449 4450 C
4450 4451 G
4451 4452 G
4452 4453 A
4453 4454 C
4454 4455 G
4455 4456 T
4456 4457 G
4457 4458 T
4458 4459 G
4459 4460 A
4460 4461 C
4461 4462 T
4462 4463 C
4463 4464 A
4464 4465 T
4465 4466 A
4466 4467 T
4467 4468 G
4468 4469 C
4469 4470 C
4470 4471 A
4471 4472 A
4472 4473 A
4473 4474 G
4474 4475 C
4475 4476 G
4476 4477 G
4477 4478 G
4478 4479 T
4479 4480 T
4480 4481 C
4481 4482 A
4482 4483 T
4483 4484 A
4484 4485 T
4485 4486 C
4486 4487 A
4487 4488 A
3879 4489 T
4489 4490 C
4490 4491 A
4491 4492 T
4492 4493 T
4493 4494 T
4494 4495 A
4495 4496 C
4496 4497 A
4497 4498 C
4498 4499 C
4499 4500 G
4500 4501 C
4501 4502 A
4502 4503 C
4503 4504 T
4504 4505 A
4505 4506 G
4506 4507 G
4507 4508 G
4508 4509 A
4509 4510 C
4510 4511 C
4511 4512 G
4512 4513 C
4513 4514 A
4514 4515 C
4515 4516 T
4516 4517 A
4517 4518 T
4518 4519 C
4519 4520 A
4520 4521 G
4521 4522 A
4522 4523 A
4523 4524 A
4524 4525 T
4525 4526 G
4526 4527 A
4527 4528 A
4528 4529 A
4529 4530 C
4530 4531 T
4531 4532 T
4532 4533 A
4533 4534 C
4534 4535 A
4535 4536 C
4536 4537 G
4537 4538 C
4538 4539 C
4539 4540 C
4540 4541 C
4541 4542 G
4542 4543 G
4543 4544 T
4544 4545 C
4545 4546 A
4546 4547 C
4547 4548 C
4548 4549 A
4549 4550 C
4550 4551 C
4551 4552 T
4552 4553 A
4553 4554 C
4554 4555 G
4555 4556 T
4556 4557 T
4557 4558 G
4558 4559 G
4559 4560 C
4560 4561 T
4561 4562 G
4562 4563 A
4563 4564 C
4564 4565 C
4565 4566 G
4566 4567 A
4567 4568 A
4568 4569 C
4569 4570 G
4570 4571 T
4571 4572 A
4572 4573 C
4573 4574 T
4574 4575 A
4575 4576 T
4576 4577 C
4577 4578 G
4578 4579 C
4579 4580 C
4580 4581 T
4581 4582 A
4490 4583 G
4583 4584 C
4584 4585 A
4585 4586 C
4586 4587 C
4587 4588 T
4588 4589 C
4589 4590 G
4590 4591 T
4591 4592 G
4592 4593 T
4593 4594 C
4594 4595 T
4595 4596 T
4596 4597 G
4597 4598 A
4598 4599 G
4599 4600 T
4600 4601 G
4601 4602 A
4602 4603 G
4603 4604 T
4604 4605 T
4605 4606 C
4606 4607 C
4607 4608 A
4608 4609 G
4609 4610 G
4610 4611 A
4611 4612 T
4612 4613 T
4613 4614 A
4614 4615 T
4615 4616 T
4616 4617 G
4617 4618 C
4618 4619 G
4619 4620 T
4620 4621 C
4621 4622 A
4622 4623 T
4623 4624 T
4624 4625 C
4625 4626 A
4626 4627 A
4627 4628 A
4628 4629 G
4629 4630 G
4630 4631 T
4631 4632 T
4632 4633 C
4633 4634 T
4634 4635 G
4635 4636 T
4636 4637 A
4637 4638 C
4638 4639 C
4639 4640 C
4640 4641 C
4641 4642 C
4642 4643 C
4643 4644 C
4644 4645 T
4645 4646 T
4646 4647 A
4647 4648 T
4648 4649 G
4649 4650 T
4650 4651 A
4651 4652 T
4652 4653 A
4653 4654 A
4654 4655 A
4655 4656 C
4656 4657 A
4657 4658 G
4658 4659 G
4659 4660 A
4660 4661 A
4661 4662 C
4662 4663 A
4663 4664 A
4664 4665 C
4665 4666 C
4666 4667 T
4667 4668 C
4668 4669 T
4669 4670 G
4670 4671 A
4671 4672 C
4672 4673 C
4673 4674 T
4490 4675 C
4675 4676 T
4676 4677 G
4677 4678 T
4678 4679 A
4679 4680 A
4680 4681 G
4681 4682 C
4682 4683 T
4683 4684 A
4684 4685 T
4685 4686 C
4686 4687 G
4687 4688 C
4688 4689 C
4689 4690 A
4690 4691 A
4691 4692 G
4692 4693 C
4693 4694 T
4694 4695 A
4695 4696 T
4696 4697 A
4697 4698 T
4698 4699 C
4699 4700 G
4700 4701 G
4701 4702 G
4702 4703 C
4703 4704 C
4704 4705 T
4705 4706 T
4706 4707 T
4707 4708 C
4708 4709 T
4709 4710 G
4710 4711 C
4711 4712 G
4712 4713 A
4713 4714 C
4714 4715 C
4715 4716 G
4716 4717 C
4717 4718 G
4718 4719 G
4719 4720 C
4720 4721 T
4721 4722 T
4722 4723 C
4723 4724 T
4724 4725 T
4725 4726 C
4726 4727 T
4727 4728 C
4728 4729 C
4729 4730 A
4730 4731 G
4731 4732 C
4732 4733 T
4733 4734 T
4734 4735 A
4735 4736 A
4736 4737 G
4737 4738 G
4738 4739 T
4739 4740 C
4740 4741 C
4741 4742 C
4742 4743 T
4743 4744 T
4744 4745 C
4745 4746 A
4746 4747 C
4747 4748 T
4748 4749 G
4749 4750 A
4750 4751 G
4751 4752 G
4752 4753 G
4753 4754 G
4754 4755 T
4755 4756 G
4756 4757 T
4757 4758 A
4758 4759 T
4759 4760 A
4760 4761 A
4761 4762 T
4762 4763 A
4763 4764 T
4489 4765 A
4765 4766 C
4766 4767 T
4767 4768 C
4768 4769 T
4769 4770 C
4770 4771 A
4771 4772 A
4772 4773 A
4773 4774 T
4774 4775 G
4775 4776 A
4776 4777 G
4777 4778 A
4778 4779 G
4779 4780 T
4780 4781 G
4781 4782 T
4782 4783 A
4783 4784 G
4784 4785 T
4785 4786 A
4786 4787 C
4787 4788 G
4788 4789 C
4789 4790 A
4790 4791 G
4791 4792 C
4792 4793 T
4793 4794 A
4794 4795 A
4795 4796 T
4796 4797 T
4797 4798 G
4798 4799 G
4799 4800 G
4800 4801 A
4801 4802 G
4802 4803 A
4803 4804 G
4804 4805 A
4805 4806 C
4806 4807 A
4807 4808 A
4808 4809 T
4809 4810 T
4810 4811 C
4811 4812 A
4812 4813 T
4813 4814 G
4814 4815 A
4815 4816 A
4816 4817 C
4817 4818 T
4818 4819 A
4819 4820 A
4820 4821 A
4821 4822 G
4822 4823 T
4823 4824 G
4824 4825 C
4825 4826 G
4826 4827 C
4827 4828 A
4828 4829 G
4829 4830 A
4830 4831 C
4831 4832 C
4832 4833 G
4833 4834 C
4834 4835 C
4835 4836 C
4836 4837 C
4837 4838 G
4838 4839 C
4839 4840 A
4840 4841 T
4841 4842 T
4842 4843 G
4843 4844 T
4844 4845 T
4845 4846 G
4846 4847 G
4847 4848 C
4848 4849 C
4849 4850 C
4850 4851 C
4851 4852 T
4852 4853 C
4853 4854 A
4854 4855 G
4855 4856 A
4856 4857 G
4857 4858 C
4858 4859 C
4859 4860 G
4489 4861 T
4861 4862 A
4862 4863 A
4863 4864 A
4864 4865 C
4865 4866 A
4866 4867 C
4867 4868 T
4868 4869 T
4869 4870 G
4870 4871 A
4871 4872 C
4872 4873 C
4873 4874 T
4874 4875 C
4875 4876 C
4876 4877 G
4877 4878 A
4878 4879 G
4879 4880 T
4880 4881 G
4881 4882 C
4882 4883 A
4883 4884 A
4884 4885 C
4885 4886 T
4886 4887 C
4887 4888 T
4888 4889 T
4889 4890 G
4890 4891 A
4891 4892 C
4892 4893 G
4893 4894 T
4894 4895 T
4895 4896 A
4896 4897 G
4897 4898 A
4898 4899 G
4899 4900 G
4900 4901 A
4901 4902 C
4902 4903 G
4903 4904 C
4904 4905 G
4905 4906 T
4906 4907 G
4907 4908 A
4908 4909 T
4909 4910 A
4910 4911 C
4911 4912 A
4912 4913 A
4913 4914 A
4914 4915 T
4915 4916 T
4916 4917 A
4917 4918 C
4918 4919 C
4919 4920 A
4920 4921 A
4921 4922 C
4922 4923 A
4923 4924 C
4924 4925 C
4925 4926 C
4926 4927 A
4927 4928 A
4928 4929 A
4929 4930 A
4930 4931 G
4931 4932 G
4932 4933 A
4933 4934 G
4934 4935 C
4935 4936 C
4936 4937 T
4937 4938 C
4938 4939 G
4939 4940 A
4940 4941 A
4941 4942 G
4942 4943 T
4943 4944 A
4944 4945 T
4945 4946 A
4946 4947 G
3879 4948 G
4948 4949 A
4949 4950 G
4950 4951 G
4951 4952 C
4952 4953 C
4953 4954 T
4954 4955 A
4955 4956 T
4956 4957 C
4957 4958 T
4958 4959 C
4959 4960 T
4960 4961 G
4961 4962 T
4962 4963 T
4963 4964 T
4964 4965 T
4965 4966 G
4966 4967 G
4967 4968 A
4968 4969 C
4969 4970 G
4970 4971 A
4971 4972 A
4972 4973 C
4973 4974 A
4974 4975 T
4975 4976 T
4976 4977 G
4977 4978 T
4978 4979 T
4979 4980 A
4980 4981 T
4981 4982 G
4982 4983 T
4983 4984 T
4984 4985 A
4985 4986 T
4986 4987 A
4987 4988 G
4988 4989 A
4989 4990 A
4990 4991 G
4991 4992 C
4992 4993 G
4993 4994 T
4994 4995 G
4995 4996 G
4996 4997 G
4997 4998 T
4998 4999 T
4999 5000 C
5000 5001 G
5001 5002 C
5002 5003 A
5003 5004 A
5004 5005 C
5005 5006 C
5006 5007 A
5007 5008 T
5008 5009 T
5009 5010 A
5010 5011 T
5011 5012 G
5012 5013 T
5013 5014 T
5014 5015 A
5015 5016 T
5016 5017 C
5017 5018 A
5018 5019 T
5019 5020 T
5020 5021 T
5021 5022 T
5022 5023 A
5023 5024 T
5024 5025 C
5025 5026 A
5026 5027 C
5027 5028 G
5028 5029 T
5029 5030 A
5030 5031 G
5031 5032 T
5032 5033 C
5033 5034 A
5034 5035 C
5035 5036 G
5036 5037 C
5037 5038 G
5038 5039 G
5039 5040 C
5040 5041 T
5041 5042 T
5042 5043 C
5043 5044 C
5044 5045 G
5045 5046 G
4950 5047 T
5047 5048 T
5048 5049 G
5049 5050 C
5050 5051 G
5051 5052 T
5052 5053 G
5053 5054 C
5054 5055 C
5055 5056 C
5056 5057 G
5057 5058 T
5058 5059 G
5059 5060 A
5060 5061 T
5061 5062 G
5062 5063 C
5063 5064 A
5064 5065 G
5065 5066 T
5066 5067 C
5067 5068 A
5068 5069 A
5069 5070 T
5070 5071 G
5071 5072 A
5072 5073 G
5073 5074 A
5074 5075 T
5075 5076 T
5076 5077 C
5077 5078 T
5078 5079 T
5079 5080 A
5080 5081 C
5081 5082 C
5082 5083 A
5083 5084 G
5084 5085 A
5085 5086 G
5086 5087 C
5087 5088 G
5088 5089 T
5089 5090 C
5090 5091 G
5091 5092 G
5092 5093 C
5093 5094 C
5094 5095 C
5095 5096 C
5096 5097 G
5097 5098 T
5098 5099 G
5099 5100 T
5100 5101 C
5101 5102 C
5102 5103 A
5103 5104 T
5104 5105 G
5105 5106 G
5106 5107 T
5107 5108 T
5108 5109 C
5109 5110 A
5110 5111 G
5111 5112 A
5112 5113 G
5113 5114 C
5114 5115 T
5115 5116 G
5116 5117 G
5117 5118 G
5118 5119 A
5119 5120 A
5120 5121 T
5121 5122 T
5122 5123 T
5123 5124 A
5124 5125 G
5125 5126 T
5126 5127 A
5127 5128 T
5128 5129 T
5129 5130 G
5130 5131 C
5131 5132 C
5132 5133 C
5133 5134 G
5134 5135 G
5135 5136 C
5136 5137 T
5137 5138 C
5138 5139 G
4948 5140 T
5140 5141 G
5141 5142 T
5142 5143 A
5143 5144 T
5144 5145 A
5145 5146 A
5146 5147 C
5147 5148 A
5148 5149 T
5149 5150 A
5150 5151 G
5151 5152 G
5152 5153 A
5153 5154 A
5154 5155 G
5155 5156 A
5156 5157 A
5157 5158 A
5158 5159 C
5159 5160 C
5160 5161 G
5161 5162 C
5162 5163 G
5163 5164 G
5164 5165 G
5165 5166 A
5166 5167 C
5167 5168 G
5168 5169 G
5169 5170 T
5170 5171 C
5171 5172 A
5172 5173 T
5173 5174 C
5174 5175 G
5175 5176 C
5176 5177 A
5177 5178 A
5178 5179 A
5179 5180 C
5180 5181 A
5181 5182 T
5182 5183 C
5183 5184 G
5184 5185 C
5185 5186 G
5186 5187 T
5187 5188 G
5188 5189 C
5189 5190 C
5190 5191 G
5191 5192 G
5192 5193 A
5193 5194 A
5194 5195 T
5195 5196 A
5196 5197 T
5197 5198 C
5198 5199 T
5199 5200 G
5200 5201 C
5201 5202 G
5202 5203 A
5203 5204 G
5204 5205 G
5205 5206 T
5206 5207 T
5207 5208 T
5208 5209 T
5209 5210 T
5210 5211 C
5211 5212 G
5212 5213 G
5213 5214 C
5214 5215 T
5215 5216 G
5216 5217 A
5217 5218 C
5218 5219 G
5219 5220 G
5220 5221 G
5221 5222 G
5222 5223 A
5223 5224 A
5224 5225 T
5225 5226 A
5226 5227 G
5227 5228 C
5228 5229 C
5229 5230 A
5230 5231 G
5231 5232 C
5141 5233 G
5233 5234 T
5234 5235 C
5235 5236 T
5236 5237 T
5237 5238 G
5238 5239 T
5239 5240 C
5240 5241 T
5241 5242 T
5242 5243 G
5243 5244 C
5244 5245 C
5245 5246 T
5246 5247 C
5247 5248 G
5248 5249 G
5249 5250 T
5250 5251 A
5251 5252 T
5252 5253 T
5253 5254 G
5254 5255 C
5255 5256 T
5256 5257 C
5257 5258 A
5258 5259 A
5259 5260 T
5260 5261 C
5261 5262 T
5262 5263 A
5263 5264 C
5264 5265 C
5265 5266 T
5266 5267 T
5267 5268 A
5268 5269 G
5269 5270 C
5270 5271 G
5271 5272 A
5272 5273 C
5273 5274 T
5274 5275 T
5275 5276 C
5276 5277 T
5277 5278 C
5278 5279 A
5279 5280 T
5280 5281 G
5281 5282 T
5282 5283 T
5283 5284 T
5284 5285 T
5285 5286 C
5286 5287 A
5287 5288 A
5288 5289 G
5289 5290 G
5290 5291 A
5291 5292 T
5292 5293 T
5293 5294 C
5294 5295 T
5295 5296 T
5296 5297 C
5297 5298 A
5298 5299 T
5299 5300 G
5300 5301 G
5301 5302 G
5302 5303 A
5303 5304 G
5304 5305 T
5305 5306 A
5306 5307 C
5307 5308 T
5140 5309 T
5309 5310 A
5310 5311 C
5311 5312 C
5312 5313 G
5313 5314 G
5314 5315 A
5315 5316 T
5316 5317 A
5317 5318 T
5318 5319 A
5319 5320 C
5320 5321 A
5321 5322 T
5322 5323 C
5323 5324 G
5324 5325 T
5325 5326 T
5326 5327 C
5327 5328 A
5328 5329 G
5329 5330 C
5330 5331 G
5331 5332 C
5332 5333 C
5333 5334 G
5334 5335 A
5335 5336 G
5336 5337 A
5337 5338 A
5338 5339 T
5339 5340 G
5340 5341 G
5341 5342 T
5342 5343 C
5343 5344 C
5344 5345 T
5345 5346 T
5346 5347 A
5347 5348 G
5348 5349 G
5349 5350 G
5350 5351 G
5351 5352 C
5352 5353 G
5353 5354 A
5354 5355 A
5355 5356 T
5356 5357 C
5357 5358 T
5358 5359 A
5359 5360 A
5360 5361 T
5361 5362 C
5362 5363 C
5363 5364 C
5364 5365 T
5365 5366 C
5366 5367 T
5367 5368 T
5368 5369 T
5369 5370 G
5370 5371 C
5371 5372 A
5372 5373 C
5373 5374 C
5374 5375 G
5375 5376 G
5376 5377 T
5377 5378 A
5378 5379 G
5379 5380 A
5380 5381 C
5381 5382 T
5382 5383 G
5383 5384 T
5384 5385 T
5385 5386 T
5386 5387 C
5387 5388 G
5388 5389 A
5389 5390 A
4948 5391 G
5391 5392 C
5392 5393 T
5393 5394 C
5394 5395 T
5395 5396 T
5396 5397 T
5397 5398 T
5398 5399 G
5399 5400 T
5400 5401 G
5401 5402 C
5402 5403 C
5403 5404 G
5404 5405 T
5405 5406 C
5406 5407 A
5407 5408 G
5408 5409 C
5409 5410 T
5410 5411 T
5411 5412 T
5412 5413 A
5413 5414 C
5414 5415 T
5415 5416 G
5416 5417 G
5417 5418 A
5418 5419 A
5419 5420 G
5420 5421 A
5421 5422 G
5422 5423 A
5423 5424 G
5424 5425 G
5425 5426 C
5426 5427 C
5427 5428 A
5428 5429 T
5429 5430 G
5430 5431 T
5431 5432 A
5432 5433 C
5433 5434 A
5434 5435 G
5435 5436 G
5436 5437 T
5437 5438 G
5438 5439 G
5439 5440 G
5440 5441 C
5441 5442 A
5442 5443 G
5443 5444 G
5444 5445 T
5445 5446 T
5446 5447 G
5447 5448 A
5448 5449 G
5449 5450 C
5450 5451 C
5451 5452 C
5452 5453 C
5453 5454 T
5454 5455 C
5455 5456 T
5456 5457 C
5457 5458 T
5458 5459 A
5459 5460 G
5460 5461 A
5461 5462 G
5462 5463 A
5463 5464 C
5464 5465 C
5465 5466 A
5466 5467 A
5467 5468 T
5468 5469 C
5469 5470 T
5470 5471 T
5471 5472 A
5472 5473 G
5473 5474 T
5474 5475 A
5475 5476 A
5476 5477 C
5477 5478 G
5478 5479 C
5479 5480 C
5480 5481 T
5481 5482 C
5482 5483 C
5483 5484 A
5484 5485 C
5485 5486 G
5486 5487 G
5487 5488 G
5394 5489 C
5489 5490 T
5490 5491 C
5491 5492 A
5492 5493 G
5493 5494 C
5494 5495 A
5495 5496 T
5496 5497 A
5497 5498 A
5498 5499 T
5499 5500 T
5500 5501 T
5501 5502 A
5502 5503 A
5503 5504 T
5504 5505 C
5505 5506 T
5506 5507 G
5507 5508 G
5508 5509 G
5509 5510 G
5510 5511 C
5511 5512 G
5512 5513 A
5513 5514 G
5514 5515 G
5515 5516 T
5516 5517 C
5517 5518 T
5518 5519 T
5519 5520 A
5520 5521 A
5521 5522 G
5522 5523 T
5523 5524 C
5524 5525 T
5525 5526 C
5526 5527 A
5527 5528 C
5528 5529 A
5529 5530 A
5530 5531 A
5531 5532 G
5532 5533 C
5533 5534 T
5534 5535 G
5535 5536 C
5536 5537 T
5537 5538 A
5538 5539 A
5539 5540 C
5540 5541 C
5541 5542 G
5542 5543 A
5543 5544 A
5544 5545 T
5545 5546 A
5546 5547 G
5547 5548 T
5548 5549 G
5549 5550 A
5550 5551 A
5551 5552 G
5552 5553 A
5553 5554 T
5554 5555 G
5555 5556 C
5556 5557 A
5557 5558 T
5558 5559 C
5559 5560 G
5560 5561 A
5561 5562 G
5562 5563 A
5563 5564 A
5564 5565 C
5565 5566 T
5566 5567 A
5567 5568 T
5568 5569 A
5569 5570 C
5570 5571 C
5571 5572 C
5572 5573 T
5573 5574 G
5574 5575 A
5575 5576 C
3879 5577 A
5577 5578 T
5578 5579 G
5579 5580 C
5580 5581 G
5581 5582 G
5582 5583 A
5583 5584 C
5584 5585 T
5585 5586 G
5586 5587 T
5587 5588 C
5588 5589 T
5589 5590 C
5590 5591 A
5591 5592 G
5592 5593 C
5593 5594 C
5594 5595 G
5595 5596 T
5596 5597 G
5597 5598 A
5598 5599 G
5599 5600 C
5600 5601 G
5601 5602 A
5602 5603 A
5603 5604 C
5604 5605 T
5605 5606 G
5606 5607 C
5607 5608 C
5608 5609 G
5609 5610 G
5610 5611 A
5611 5612 C
5612 5613 C
5613 5614 G
5614 5615 A
5615 5616 T
5616 5617 T
5617 5618 T
5618 5619 C
5619 5620 C
5620 5621 C
5621 5622 C
5622 5623 C
5623 5624 C
5624 5625 T
5625 5626 A
5626 5627 G
5627 5628 C
5628 5629 A
5629 5630 A
5630 5631 T
5631 5632 A
5632 5633 A
5633 5634 C
5634 5635 T
5635 5636 A
5636 5637 G
5637 5638 A
5638 5639 T
5639 5640 C
5640 5641 T
5641 5642 A
5642 5643 T
5643 5644 A
5644 5645 T
5645 5646 C
5646 5647 G
5647 5648 G
5648 5649 A
5649 5650 G
5650 5651 A
5651 5652 A
5652 5653 C
5653 5654 C
5654 5655 T
5655 5656 T
5656 5657 C
5657 5658 T
5658 5659 C
5659 5660 A
5660 5661 G
5661 5662 A
5662 5663 T
5663 5664 G
5579 5665 G
5665 5666 G
5666 5667 G
5667 5668 T
5668 5669 C
5669 5670 C
5670 5671 G
5671 5672 C
5672 5673 C
5673 5674 A
5674 5675 G
5675 5676 C
5676 5677 G
5677 5678 T
5678 5679 A
5679 5680 T
5680 5681 C
5681 5682 G
5682 5683 C
5683 5684 G
5684 5685 G
5685 5686 G
5686 5687 G
5687 5688 G
5688 5689 C
5689 5690 T
5690 5691 G
5691 5692 C
5692 5693 G
5693 5694 T
5694 5695 G
5695 5696 G
5696 5697 T
5697 5698 A
5698 5699 T
5699 5700 T
5700 5701 A
5701 5702 T
5702 5703 A
5703 5704 T
5704 5705 T
5705 5706 A
5706 5707 C
5707 5708 G
5708 5709 T
5709 5710 C
5710 5711 G
5711 5712 T
5712 5713 T
5713 5714 G
5714 5715 T
5715 5716 G
5716 5717 T
5717 5718 G
5718 5719 T
5719 5720 T
5720 5721 G
5721 5722 T
5722 5723 G
5723 5724 C
5724 5725 G
5725 5726 G
5726 5727 G
5727 5728 C
5728 5729 C
5729 5730 C
5730 5731 T
5731 5732 G
5732 5733 A
5733 5734 G
5734 5735 C
5735 5736 G
5736 5737 C
5737 5738 C
5738 5739 A
5739 5740 C
5740 5741 C
5741 5742 A
5742 5743 A
5743 5744 C
5744 5745 T
5745 5746 A
5746 5747 T
5577 5748 G
5748 5749 A
5749 5750 A
5750 5751 A
5751 5752 G
5752 5753 A
5753 5754 T
5754 5755 T
5755 5756 C
5756 5757 G
5757 5758 C
5758 5759 A
5759 5760 A
5760 5761 A
5761 5762 A
5762 5763 C
5763 5764 G
5764 5765 C
5765 5766 A
5766 5767 G
5767 5768 T
5768 5769 G
5769 5770 T
5770 5771 A
5771 5772 G
5772 5773 T
5773 5774 G
5774 5775 T
5775 5776 T
5776 5777 A
5777 5778 C
5778 5779 A
5779 5780 G
5780 5781 G
5781 5782 A
5782 5783 C
5783 5784 C
5784 5785 T
5785 5786 C
5786 5787 G
5787 5788 C
5788 5789 T
5789 5790 A
5790 5791 C
5791 5792 C
5792 5793 T
5793 5794 T
5794 5795 T
5795 5796 G
5796 5797 A
5797 5798 C
5798 5799 C
5799 5800 T
5800 5801 A
5801 5802 C
5802 5803 A
5803 5804 T
5804 5805 T
5805 5806 C
5806 5807 T
5807 5808 T
5808 5809 C
5809 5810 T
5810 5811 A
5811 5812 T
5812 5813 C
5813 5814 C
5814 5815 C
5815 5816 C
5816 5817 G
5817 5818 T
5818 5819 T
5819 5820 A
5820 5821 G
5821 5822 A
5822 5823 C
5823 5824 G
5824 5825 C
5825 5826 T
5826 5827 T
5827 5828 G
5828 5829 C
5829 5830 C
5748 5831 G
5831 5832 T
5832 5833 A
5833 5834 G
5834 5835 G
5835 5836 G
5836 5837 G
5837 5838 G
5838 5839 G
5839 5840 G
5840 5841 G
5841 5842 T
5842 5843 T
5843 5844 G
5844 5845 C
5845 5846 A
5846 5847 A
5847 5848 C
5848 5849 A
5849 5850 T
5850 5851 A
5851 5852 C
5852 5853 A
5853 5854 A
5854 5855 A
5855 5856 G
5856 5857 G
5857 5858 C
5858 5859 C
5859 5860 A
5860 5861 T
5861 5862 C
5862 5863 C
5863 5864 A
5864 5865 C
5865 5866 T
5866 5867 T
5867 5868 C
5868 5869 C
5869 5870 A
5870 5871 C
5871 5872 A
5872 5873 G
5873 5874 A
5874 5875 G
5875 5876 G
5876 5877 C
5877 5878 G
5878 5879 C
5879 5880 T
5880 5881 C
5881 5882 G
5882 5883 A
5883 5884 T
5884 5885 C
5885 5886 G
5886 5887 T
5887 5888 A
5888 5889 A
5889 5890 A
5890 5891 G
5891 5892 G
5892 5893 A
5893 5894 A
5894 5895 G
5895 5896 T
5896 5897 A
5897 5898 G
5898 5899 C
5899 5900 T
5900 5901 T
5901 5902 T
5902 5903 T
5903 5904 T
5904 5905 C
5905 5906 C
5906 5907 C
5577 5908 A
5908 5909 A
5909 5910 A
5910 5911 T
5911 5912 G
5912 5913 G
5913 5914 C
5914 5915 A
5915 5916 T
5916 5917 A
5917 5918 G
5918 5919 C
5919 5920 T
5920 5921 C
5921 5922 T
5922 5923 C
5923 5924 G
5924 5925 C
5925 5926 A
5926 5927 T
5927 5928 C
5928 5929 T
5929 5930 C
5930 5931 G
5931 5932 A
5932 5933 G
5933 5934 C
5934 5935 G
5935 5936 A
5936 5937 T
5937 5938 G
5938 5939 C
5939 5940 C
5940 5941 C
5941 5942 T
5942 5943 G
5943 5944 C
5944 5945 G
5945 5946 A
5946 5947 A
5947 5948 C
5948 5949 C
5949 5950 G
5950 5951 G
5951 5952 G
5952 5953 T
5953 5954 A
5954 5955 C
5955 5956 T
5956 5957 G
5957 5958 G
5958 5959 G
5959 5960 C
5960 5961 A
5961 5962 A
5962 5963 A
5963 5964 C
5964 5965 C
5965 5966 T
5966 5967 T
5967 5968 G
5968 5969 T
5969 5970 T
5970 5971 C
5971 5972 G
5972 5973 C
5973 5974 A
5974 5975 T
5975 5976 G
5976 5977 G
5977 5978 C
5978 5979 G
5979 5980 C
5980 5981 C
5981 5982 G
5982 5983 G
5983 5984 C
5984 5985 G
5985 5986 T
5986 5987 A
5987 5988 C
5988 5989 A
5989 5990 G
5990 5991 C
5991 5992 A
5992 5993 C
5993 5994 G
5994 5995 A
5995 5996 C
5996 5997 G
5997 5998 A
5998 5999 T
5999 6000 A
6000 6001 C
6001 6002 C
6002 6003 A
6003 6004 C
6004 6005 T
1 6006 T
6006 6007 G
6007 6008 T
6008 6009 G
6009 6010 G
6010 6011 C
6011 6012 T
6012 6013 C
6013 6014 C
6014 6015 G
6015 6016 C
6016 6017 G
6017 6018 T
6018 6019 C
6019 6020 C
6020 6021 A
6021 6022 G
6022 6023 G
6023 6024 T
6024 6025 T
6025 6026 C
6026 6027 A
6027 6028 A
6028 6029 T
6029 6030 G
6030 6031 G
6031 6032 A
6032 6033 A
6033 6034 G
6034 6035 C
6035 6036 A
6036 6037 T
6037 6038 A
6038 6039 C
6039 6040 T
6040 6041 G
6041 6042 A
6042 6043 T
6043 6044 T
6044 6045 C
6045 6046 G
6046 6047 T
6047 6048 G
6048 6049 C
6049 6050 G
6050 6051 G
6051 6052 A
6052 6053 C
6053 6054 A
6054 6055 A
6055 6056 G
6056 6057 A
6057 6058 G
6058 6059 A
6059 6060 T
6060 6061 C
6061 6062 C
6062 6063 A
6063 6064 T
6064 6065 A
6065 6066 C
6066 6067 G
6067 6068 A
6068 6069 C
6069 6070 C
6070 6071 T
6071 6072 T
6072 6073 T
6073 6074 C
6074 6075 G
6075 6076 C
6076 6077 G
6077 6078 A
6078 6079 G
6079 6080 C
6080 6081 C
6081 6082 G
6082 6083 A
6083 6084 C
6084 6085 C
6085 6086 A
6086 6087 G
6087 6088 T
6088 6089 C
6089 6090 A
6090 6091 G
6091 6092 G
6092 6093 T
6093 6094 G
6094 6095 T
6095 6096 G
6096 6097 T
6097 6098 G
6098 6099 A
6008 6100 T
6100 6101 G
6101 6102 C
6102 6103 T
6103 6104 G
6104 6105 C
6105 6106 T
6106 6107 G
6107 6108 A
6108 6109 G
6109 6110 T
6110 6111 C
6111 6112 T
6112 6113 G
6113 6114 A
6114 6115 A
6115 6116 C
6116 6117 A
6117 6118 G
6118 6119 T
6119 6120 C
6120 6121 G
6121 6122 T
6122 6123 T
6123 6124 A
6124 6125 G
6125 6126 G
6126 6127 C
6127 6128 A
6128 6129 A
6129 6130 G
6130 6131 A
6131 6132 T
6132 6133 C
6133 6134 T
6134 6135 C
6135 6136 G
6136 6137 T
6137 6138 A
6138 6139 T
6139 6140 A
6140 6141 G
6141 6142 G
6142 6143 T
6143 6144 G
6144 6145 G
6145 6146 A
6146 6147 G
6147 6148 C
6148 6149 T
6149 6150 G
6150 6151 G
6151 6152 T
6152 6153 T
6153 6154 T
6154 6155 A
6155 6156 C
6156 6157 A
6157 6158 A
6158 6159 T
6159 6160 A
6160 6161 T
6161 6162 G
6162 6163 A
6163 6164 G
6164 6165 C
6165 6166 T
6166 6167 A
6167 6168 C
6168 6169 G
6169 6170 T
6170 6171 C
6171 6172 C
6172 6173 A
6173 6174 T
6174 6175 G
6175 6176 G
6176 6177 G
6177 6178 G
6178 6179 T
6179 6180 A
6180 6181 T
6181 6182 T
6182 6183 C
6183 6184 A
6184 6185 T
6185 6186 T
6186 6187 T
6187 6188 C
6188 6189 A
6189 6190 A
6190 6191 A
6191 6192 A
6007 6193 A
6193 6194 A
6194 6195 C
6195 6196 C
6196 6197 A
6197 6198 G
6198 6199 C
6199 6200 C
6200 6201 G
6201 6202 C
6202 6203 A
6203 6204 G
6204 6205 G
6205 6206 A
6206 6207 C
6207 6208 G
6208 6209 C
6209 6210 G
6210 6211 T
6211 6212 T
6212 6213 C
6213 6214 G
6214 6215 A
6215 6216 C
6216 6217 G
6217 6218 G
6218 6219 C
6219 6220 C
6220 6221 A
6221 6222 C
6222 6223 A
6223 6224 C
6224 6225 C
6225 6226 C
6226 6227 C
6227 6228 T
6228 6229 G
6229 6230 A
6230 6231 T
6231 6232 G
6232 6233 A
6233 6234 G
6234 6235 G
6235 6236 T
6236 6237 T
6237 6238 A
6238 6239 T
6239 6240 A
6240 6241 C
6241 6242 G
6242 6243 T
6243 6244 A
6244 6245 G
6245 6246 A
6246 6247 G
6247 6248 C
6248 6249 G
6249 6250 G
6250 6251 G
6251 6252 C
6252 6253 A
6253 6254 G
6254 6255 T
6255 6256 A
6256 6257 A
6257 6258 A
6258 6259 C
6259 6260 C
6260 6261 C
6261 6262 T
6262 6263 T
6263 6264 G
6264 6265 C
6265 6266 C
6266 6267 T
6267 6268 T
6268 6269 C
6269 6270 T
6270 6271 T
6271 6272 C
6272 6273 G
6193 6274 T
6274 6275 T
6275 6276 A
6276 6277 G
6277 6278 G
6278 6279 T
6279 6280 C
6280 6281 C
6281 6282 A
6282 6283 T
6283 6284 A
6284 6285 A
6285 6286 A
6286 6287 G
6287 6288 C
6288 6289 C
6289 6290 C
6290 6291 C
6291 6292 C
6292 6293 G
6293 6294 G
6294 6295 A
6295 6296 C
6296 6297 T
6297 6298 C
6298 6299 G
6299 6300 T
6300 6301 A
6301 6302 C
6302 6303 T
6303 6304 G
6304 6305 C
6305 6306 T
6306 6307 A
6307 6308 T
6308 6309 C
6309 6310 G
6310 6311 C
6311 6312 A
6312 6313 C
6313 6314 A
6314 6315 G
6315 6316 C
6316 6317 G
6317 6318 C
6318 6319 T
6319 6320 C
6320 6321 C
6321 6322 C
6322 6323 A
6323 6324 C
6324 6325 G
6325 6326 T
6326 6327 A
6327 6328 A
6328 6329 G
6329 6330 T
6330 6331 T
6331 6332 G
6332 6333 T
6333 6334 T
6334 6335 C
6335 6336 C
6336 6337 A
6337 6338 G
6338 6339 A
6339 6340 T
6340 6341 A
6341 6342 C
6342 6343 G
6343 6344 A
6344 6345 T
6345 6346 A
6346 6347 C
6347 6348 C
6348 6349 T
6349 6350 G
6350 6351 G
6351 6352 C
6352 6353 A
6353 6354 A
6354 6355 C
6355 6356 A
6356 6357 A
6357 6358 T
6358 6359 G
6359 6360 T
6360 6361 T
6361 6362 G
6362 6363 C
6363 6364 C
6364 6365 C
6365 6366 C
6007 6367 G
6367 6368 A
6368 6369 A
6369 6370 C
6370 6371 T
6371 6372 C
6372 6373 G
6373 6374 G
6374 6375 G
6375 6376 T
6376 6377 C
6377 6378 C
6378 6379 G
6379 6380 A
6380 6381 G
6381 6382 A
6382 6383 A
6383 6384 T
6384 6385 A
6385 6386 T
6386 6387 G
6387 6388 C
6388 6389 G
6389 6390 T
6390 6391 A
6391 6392 C
6392 6393 T
6393 6394 G
6394 6395 A
6395 6396 C
6396 6397 A
6397 6398 G
6398 6399 T
6399 6400 T
6400 6401 G
6401 6402 C
6402 6403 C
6403 6404 T
6404 6405 T
6405 6406 A
6406 6407 A
6407 6408 A
6408 6409 G
6409 6410 T
6410 6411 T
6411 6412 A
6412 6413 A
6413 6414 C
6414 6415 A
6415 6416 C
6416 6417 T
6417 6418 T
6418 6419 A
6419 6420 A
6420 6421 A
6421 6422 A
6422 6423 T
6423 6424 C
6424 6425 T
6425 6426 C
6426 6427 G
6427 6428 T
6428 6429 A
6429 6430 A
6430 6431 G
6431 6432 A
6432 6433 A
6433 6434 C
6434 6435 A
6435 6436 T
6436 6437 C
6437 6438 A
6438 6439 T
6439 6440 T
6440 6441 G
6441 6442 A
6442 6443 T
6443 6444 G
6444 6445 T
6445 6446 G
6446 6447 G
6447 6448 T
6448 6449 C
6006 6450 C
6450 6451 T
6451 6452 C
6452 6453 G
6453 6454 G
6454 6455 C
6455 6456 T
6456 6457 A
6457 6458 T
6458 6459 A
6459 6460 A
6460 6461 A
6461 6462 T
6462 6463 C
6463 6464 T
6464 6465 T
6465 6466 G
6466 6467 T
6467 6468 C
6468 6469 G
6469 6470 G
6470 6471 G
6471 6472 A
6472 6473 G
6473 6474 G
6474 6475 T
6475 6476 T
6476 6477 A
6477 6478 A
6478 6479 A
6479 6480 A
6480 6481 C
6481 6482 A
6482 6483 T
6483 6484 A
6484 6485 G
6485 6486 G
6486 6487 G
6487 6488 C
6488 6489 A
6489 6490 T
6490 6491 A
6491 6492 A
6492 6493 G
6493 6494 T
6494 6495 C
6495 6496 C
6496 6497 T
6497 6498 A
6498 6499 C
6499 6500 A
6500 6501 G
6501 6502 A
6502 6503 T
6503 6504 G
6504 6505 A
6505 6506 G
6506 6507 A
6507 6508 A
6508 6509 A
6509 6510 A
6510 6511 C
6511 6512 G
6512 6513 A
6513 6514 A
6514 6515 T
6515 6516 G
6516 6517 G
6517 6518 A
6518 6519 T
6519 6520 G
6520 6521 A
6521 6522 G
6522 6523 A
6523 6524 A
6524 6525 A
6525 6526 C
6526 6527 G
6527 6528 A
6528 6529 T
6529 6530 G
6530 6531 T
6531 6532 G
6532 6533 T
6533 6534 C
6534 6535 A
6535 6536 C
6536 6537 A
6537 6538 A
6538 6539 T
6539 6540 A
6540 6541 G
6541 6542 T
6542 6543 G
6543 6544 T
6452 6545 C
6545 6546 C
6546 6547 G
6547 6548 C
6548 6549 A
6549 6550 T
6550 6551 G
6551 6552 G
6552 6553 T
6553 6554 C
6554 6555 T
6555 6556 C
6556 6557 A
6557 6558 C
6558 6559 G
6559 6560 G
6560 6561 G
6561 6562 A
6562 6563 T
6563 6564 C
6564 6565 G
6565 6566 G
6566 6567 T
6567 6568 T
6568 6569 G
6569 6570 T
6570 6571 A
6571 6572 A
6572 6573 C
6573 6574 G
6574 6575 A
6575 6576 G
6576 6577 T
6577 6578 A
6578 6579 T
6579 6580 G
6580 6581 G
6581 6582 A
6582 6583 C
6583 6584 A
6584 6585 G
6585 6586 T
6586 6587 T
6587 6588 C
6588 6589 A
6589 6590 A
6590 6591 T
6591 6592 G
6592 6593 G
6593 6594 T
6594 6595 A
6595 6596 C
6596 6597 G
6597 6598 C
6598 6599 A
6599 6600 A
6600 6601 A
6601 6602 A
6602 6603 A
6603 6604 G
6604 6605 G
6605 6606 T
6606 6607 T
6607 6608 T
6608 6609 T
6609 6610 T
6610 6611 C
6611 6612 T
6612 6613 T
6613 6614 A
6614 6615 G
6615 6616 T
6616 6617 C
6617 6618 C
6618 6619 C
6619 6620 C
6620 6621 C
6621 6622 G
6451 6623 T
6623 6624 A
6624 6625 A
6625 6626 G
6626 6627 C
6627 6628 G
6628 6629 C
6629 6630 T
6630 6631 C
6631 6632 A
6632 6633 T
6633 6634 G
6634 6635 T
6635 6636 G
6636 6637 C
6637 6638 A
6638 6639 T
6639 6640 G
6640 6641 T
6641 6642 A
6642 6643 G
6643 6644 C
6644 6645 C
6645 6646 C
6646 6647 A
6647 6648 G
6648 6649 T
6649 6650 C
6650 6651 T
6651 6652 A
6652 6653 C
6653 6654 T
6654 6655 C
6655 6656 A
6656 6657 G
6657 6658 A
6658 6659 G
6659 6660 G
6660 6661 G
6661 6662 T
6662 6663 C
6663 6664 C
6664 6665 C
6665 6666 A
6666 6667 C
6667 6668 A
6668 6669 C
6669 6670 G
6670 6671 C
6671 6672 A
6672 6673 G
6673 6674 G
6674 6675 C
6675 6676 G
6676 6677 G
6677 6678 T
6678 6679 T
6679 6680 C
6680 6681 G
6681 6682 C
6682 6683 C
6683 6684 A
6684 6685 A
6685 6686 G
6686 6687 T
6687 6688 A
6688 6689 A
6689 6690 T
6690 6691 G
6691 6692 C
6692 6693 G
6693 6694 A
6694 6695 G
6695 6696 A
6696 6697 A
6697 6698 A
6698 6699 G
6699 6700 G
6700 6701 A
6701 6702 A
6702 6703 A
6703 6704 T
6704 6705 C
6705 6706 T
6706 6707 C
6707 6708 T
6708 6709 G
6709 6710 T
6710 6711 C
6711 6712 A
6712 6713 C
6451 6714 G
6714 6715 C
6715 6716 G
6716 6717 T
6717 6718 C
6718 6719 T
6719 6720 T
6720 6721 C
6721 6722 G
6722 6723 G
6723 6724 T
6724 6725 C
6725 6726 T
6726 6727 G
6727 6728 A
6728 6729 A
6729 6730 T
6730 6731 A
6731 6732 C
6732 6733 C
6733 6734 T
6734 6735 T
6735 6736 T
6736 6737 G
6737 6738 C
6738 6739 C
6739 6740 T
6740 6741 T
6741 6742 G
6742 6743 C
6743 6744 C
6744 6745 C
6745 6746 A
6746 6747 A
6747 6748 G
6748 6749 T
6749 6750 T
6750 6751 C
6751 6752 C
6752 6753 G
6753 6754 T
6754 6755 G
6755 6756 A
6756 6757 G
6757 6758 G
6758 6759 G
6759 6760 T
6760 6761 T
6761 6762 A
6762 6763 A
6763 6764 T
6764 6765 G
6765 6766 A
6766 6767 A
6767 6768 G
6768 6769 C
6769 6770 A
6770 6771 A
6771 6772 C
6772 6773 C
6773 6774 C
6774 6775 C
6775 6776 T
6776 6777 A
6777 6778 G
6778 6779 C
6779 6780 C
6780 6781 T
6781 6782 G
6782 6783 G
6783 6784 C
6784 6785 T
6785 6786 C
6786 6787 G
6787 6788 T
6788 6789 G
6789 6790 A
6790 6791 T
6791 6792 A
6792 6793 C
6793 6794 A
6794 6795 T
6795 6796 C
6796 6797 C
6797 6798 C
6798 6799 T
6799 6800 T
6800 6801 C
6801 6802 A
6802 6803 G
6803 6804 G
6804 6805 T
6805 6806 C
6806 6807 G
6807 6808 C
6808 6809 T
6809 6810 A
6450 6811 G
6811 6812 G
6812 6813 C
6813 6814 G
6814 6815 A
6815 6816 C
6816 6817 C
6817 6818 T
6818 6819 T
6819 6820 C
6820 6821 T
6821 6822 G
6822 6823 A
6823 6824 C
6824 6825 A
6825 6826 A
6826 6827 A
6827 6828 A
6828 6829 G
6829 6830 C
6830 6831 A
6831 6832 A
6832 6833 C
6833 6834 T
6834 6835 C
6835 6836 A
6836 6837 C
6837 6838 G
6838 6839 T
6839 6840 A
6840 6841 A
6841 6842 T
6842 6843 T
6843 6844 C
6844 6845 T
6845 6846 A
6846 6847 C
6847 6848 G
6848 6849 G
6849 6850 C
6850 6851 T
6851 6852 G
6852 6853 G
6853 6854 C
6854 6855 G
6855 6856 G
6856 6857 C
6857 6858 G
6858 6859 A
6859 6860 G
6860 6861 A
6861 6862 G
6862 6863 A
6863 6864 C
6864 6865 G
6865 6866 C
6866 6867 A
6867 6868 C
6868 6869 T
6869 6870 G
6870 6871 A
6871 6872 C
6872 6873 A
6873 6874 T
6874 6875 T
6875 6876 G
6876 6877 A
6877 6878 C
6878 6879 C
6879 6880 A
6880 6881 T
6881 6882 T
6882 6883 C
6883 6884 T
6884 6885 T
6885 6886 T
6886 6887 C
6887 6888 G
6888 6889 A
6889 6890 T
6890 6891 C
6891 6892 A
6892 6893 A
6893 6894 T
6894 6895 C
6450 6896 A
6896 6897 A
6897 6898 C
6898 6899 A
6899 6900 G
6900 6901 T
6901 6902 G
6902 6903 G
6903 6904 A
6904 6905 T
6905 6906 A
6906 6907 T
6907 6908 C
6908 6909 G
6909 6910 T
6910 6911 T
6911 6912 A
6912 6913 A
6913 6914 G
6914 6915 T
6915 6916 G
6916 6917 C
6917 6918 C
6918 6919 G
6919 6920 T
6920 6921 T
6921 6922 T
6922 6923 G
6923 6924 A
6924 6925 G
6925 6926 G
6926 6927 C
6927 6928 C
6928 6929 A
6929 6930 C
6930 6931 T
6931 6932 C
6932 6933 C
6933 6934 G
6934 6935 A
6935 6936 A
6936 6937 A
6937 6938 C
6938 6939 G
6939 6940 A
6940 6941 T
6941 6942 C
6942 6943 T
6943 6944 C
6944 6945 G
6945 6946 C
6946 6947 A
6947 6948 C
6948 6949 G
6949 6950 G
6950 6951 A
6951 6952 C
6952 6953 T
6953 6954 A
6954 6955 C
6955 6956 T
6956 6957 G
6957 6958 A
6958 6959 A
6959 6960 T
6960 6961 C
6961 6962 A
6962 6963 T
6963 6964 T
6964 6965 T
6965 6966 G
6966 6967 G
6967 6968 A
6968 6969 C
6969 6970 G
6970 6971 G
6971 6972 C
6972 6973 C
6973 6974 T
6974 6975 G
6975 6976 C
6976 6977 C
6977 6978 A
6978 6979 C
6979 6980 T
6980 6981 T
6981 6982 T
6982 6983 A
6983 6984 T
6984 6985 C
6985 6986 A
6986 6987 T
6987 6988 A
6988 6989 A
6989 6990 A
6990 6991 C
6991 6992 A
6006 6993 A
6993 6994 A
6994 6995 A
6995 6996 G
6996 6997 A
6997 6998 C
6998 6999 A
6999 7000 C
7000 7001 T
7001 7002 T
7002 7003 A
7003 7004 G
7004 7005 T
7005 7006 A
7006 7007 T
7007 7008 T
7008 7009 A
7009 7010 T
7010 7011 G
7011 7012 G
7012 7013 T
7013 7014 A
7014 7015 C
7015 7016 T
7016 7017 A
7017 7018 G
7018 7019 A
7019 7020 C
7020 7021 G
7021 7022 T
7022 7023 A
7023 7024 C
7024 7025 T
7025 7026 G
7026 7027 C
7027 7028 A
7028 7029 C
7029 7030 T
7030 7031 A
7031 7032 T
7032 7033 G
7033 7034 A
7034 7035 T
7035 7036 C
7036 7037 T
7037 7038 C
7038 7039 T
7039 7040 G
7040 7041 T
7041 7042 T
7042 7043 C
7043 7044 C
7044 7045 G
7045 7046 C
7046 7047 T
7047 7048 T
7048 7049 A
7049 7050 T
7050 7051 C
7051 7052 G
7052 7053 G
7053 7054 G
7054 7055 T
7055 7056 G
7056 7057 A
7057 7058 C
7058 7059 C
7059 7060 G
7060 7061 A
7061 7062 T
7062 7063 A
7063 7064 G
7064 7065 A
7065 7066 G
7066 7067 G
7067 7068 C
7068 7069 T
7069 7070 G
7070 7071 A
7071 7072 G
7072 7073 C
7073 7074 G
7074 7075 G
7075 7076 G
7076 7077 C
7077 7078 T
7078 7079 C
7079 7080 G
7080 7081 C
7081 7082 T
7082 7083 T
7083 7084 C
7084 7085 G
7085 7086 T
7086 7087 G
6994 7088 G
7088 7089 G
7089 7090 T
7090 7091 C
7091 7092 A
7092 7093 T
7093 7094 G
7094 7095 G
7095 7096 C
7096 7097 C
7097 7098 C
7098 7099 C
7099 7100 G
7100 7101 C
7101 7102 T
7102 7103 T
7103 7104 G
7104 7105 G
7105 7106 G
7106 7107 C
7107 7108 A
7108 7109 T
7109 7110 A
7110 7111 A
7111 7112 C
7112 7113 C
7113 7114 T
7114 7115 A
7115 7116 A
7116 7117 T
7117 7118 A
7118 7119 T
7119 7120 G
7120 7121 A
7121 7122 T
7122 7123 A
7123 7124 T
7124 7125 G
7125 7126 A
7126 7127 T
7127 7128 G
7128 7129 C
7129 7130 A
7130 7131 A
7131 7132 A
7132 7133 G
7133 7134 T
7134 7135 C
7135 7136 A
7136 7137 A
7137 7138 G
7138 7139 T
7139 7140 T
7140 7141 G
7141 7142 C
7142 7143 C
7143 7144 C
7144 7145 A
7145 7146 C
7146 7147 C
7147 7148 T
7148 7149 C
7149 7150 T
7150 7151 C
7151 7152 T
7152 7153 G
7153 7154 A
7154 7155 G
7155 7156 G
7156 7157 G
7157 7158 T
7158 7159 T
7159 7160 T
7160 7161 C
7161 7162 G
7162 7163 A
7163 7164 C
7164 7165 A
7165 7166 T
7166 7167 G
7167 7168 A
7168 7169 A
7169 7170 T
7170 7171 A
7171 7172 A
7172 7173 G
7173 7174 T
7174 7175 G
7175 7176 A
7176 7177 G
7177 7178 A
7178 7179 A
7179 7180 G
7180 7181 C
6993 7182 G
7182 7183 C
7183 7184 A
7184 7185 T
7185 7186 C
7186 7187 A
7187 7188 G
7188 7189 G
7189 7190 G
7190 7191 C
7191 7192 A
7192 7193 G
7193 7194 G
7194 7195 G
7195 7196 C
7196 7197 T
7197 7198 C
7198 7199 A
7199 7200 T
7200 7201 G
7201 7202 C
7202 7203 A
7203 7204 G
7204 7205 T
7205 7206 T
7206 7207 A
7207 7208 A
7208 7209 T
7209 7210 C
7210 7211 C
7211 7212 C
7212 7213 T
7213 7214 T
7214 7215 G
7215 7216 A
7216 7217 G
7217 7218 C
7218 7219 G
7219 7220 A
7220 7221 T
7221 7222 C
7222 7223 G
7223 7224 C
7224 7225 T
7225 7226 G
7226 7227 A
7227 7228 G
7228 7229 T
7229 7230 A
7230 7231 G
7231 7232 T
7232 7233 C
7233 7234 T
7234 7235 G
7235 7236 T
7236 7237 T
7237 7238 C
7238 7239 T
7239 7240 T
7240 7241 A
7241 7242 T
7242 7243 A
7243 7244 C
7244 7245 G
7245 7246 G
7246 7247 T
7247 7248 C
7248 7249 A
7249 7250 T
7250 7251 C
7251 7252 G
7252 7253 C
7253 7254 G
7254 7255 G
7255 7256 C
7256 7257 G
7257 7258 C
7258 7259 G
7259 7260 T
7260 7261 G
7261 7262 A
7262 7263 G
6993 7264 T
7264 7265 G
7265 7266 T
7266 7267 G
7267 7268 G
7268 7269 A
7269 7270 C
7270 7271 G
7271 7272 G
7272 7273 C
7273 7274 T
7274 7275 G
7275 7276 C
7276 7277 G
7277 7278 G
7278 7279 G
7279 7280 T
7280 7281 G
7281 7282 A
7282 7283 A
7283 7284 C
7284 7285 A
7285 7286 T
7286 7287 T
7287 7288 C
7288 7289 A
7289 7290 T
7290 7291 C
7291 7292 T
7292 7293 G
7293 7294 G
7294 7295 T
7295 7296 T
7296 7297 T
7297 7298 T
7298 7299 A
7299 7300 A
7300 7301 A
7301 7302 C
7302 7303 A
7303 7304 G
7304 7305 A
7305 7306 A
7306 7307 T
7307 7308 G
7308 7309 C
7309 7310 A
7310 7311 T
7311 7312 C
7312 7313 A
7313 7314 G
7314 7315 A
7315 7316 A
7316 7317 T
7317 7318 T
7318 7319 A
7319 7320 T
7320 7321 A
7321 7322 A
7322 7323 A
7323 7324 C
7324 7325 A
7325 7326 C
7326 7327 T
7327 7328 T
7328 7329 C
7329 7330 T
7330 7331 G
7331 7332 A
7332 7333 G
7333 7334 C
7334 7335 C
7335 7336 A
7336 7337 G
7337 7338 G
7338 7339 T
7339 7340 G
7340 7341 G
7341 7342 A
7342 7343 T
7343 7344 C
7344 7345 G
7345 7346 A
7346 7347 G
7347 7348 A
7348 7349 T
7349 7350 C
7350 7351 A
7351 7352 G
7264 7353 C
7353 7354 G
7354 7355 G
7355 7356 C
7356 7357 G
7357 7358 C
7358 7359 G
7359 7360 G
7360 7361 G
7361 7362 T
7362 7363 T
7363 7364 A
7364 7365 C
7365 7366 A
7366 7367 C
7367 7368 C
7368 7369 T
7369 7370 C
7370 7371 G
7371 7372 T
7372 7373 T
7373 7374 T
7374 7375 C
7375 7376 C
7376 7377 C
7377 7378 C
7378 7379 T
7379 7380 C
7380 7381 C
7381 7382 A
7382 7383 C
7383 7384 G
7384 7385 T
7385 7386 G
7386 7387 A
7387 7388 A
7388 7389 A
7389 7390 T
7390 7391 C
7391 7392 C
7392 7393 C
7393 7394 G
7394 7395 G
7395 7396 T
7396 7397 G
7397 7398 T
7398 7399 A
7399 7400 T
7400 7401 T
7401 7402 A
7402 7403 C
7403 7404 C
7404 7405 T
7405 7406 A
7406 7407 G
7407 7408 A
7408 7409 C
7409 7410 A
7410 7411 G
7411 7412 T
7412 7413 C
7413 7414 T
7414 7415 G
7415 7416 A
7416 7417 T
7417 7418 T
7418 7419 A
7419 7420 G
7420 7421 C
7421 7422 A
7422 7423 A
7423 7424 C
7424 7425 T
7425 7426 T
7426 7427 G
7427 7428 T
7428 7429 G
7429 7430 C
7430 7431 A
7431 7432 C
7432 7433 T
7433 7434 T
7434 7435 A
7435 7436 T
7436 7437 A
7437 7438 A
7438 7439 A
7439 7440 A
7440 7441 C
7441 7442 T
7442 7443 T
7443 7444 T
6006 7445 T
7445 7446 A
7446 7447 A
7447 7448 A
7448 7449 A
7449 7450 T
7450 7451 G
7451 7452 G
7452 7453 T
7453 7454 C
7454 7455 G
7455 7456 G
7456 7457 T
7457 7458 G
7458 7459 C
7459 7460 C
7460 7461 G
7461 7462 A
7462 7463 T
7463 7464 A
7464 7465 A
7465 7466 T
7466 7467 G
7467 7468 A
7468 7469 C
7469 7470 G
7470 7471 T
7471 7472 T
7472 7473 T
7473 7474 T
7474 7475 T
7475 7476 A
7476 7477 A
7477 7478 A
7478 7479 C
7479 7480 A
7480 7481 A
7481 7482 G
7482 7483 G
7483 7484 A
7484 7485 C
7485 7486 A
7486 7487 C
7487 7488 G
7488 7489 A
7489 7490 A
7490 7491 T
7491 7492 G
7492 7493 G
7493 7494 C
7494 7495 T
7495 7496 G
7496 7497 C
7497 7498 T
7498 7499 C
7499 7500 G
7500 7501 A
7501 7502 A
7502 7503 C
7503 7504 A
7504 7505 G
7505 7506 G
7506 7507 C
7507 7508 A
7508 7509 G
7509 7510 A
7510 7511 G
7511 7512 G
7512 7513 C
7513 7514 T
7514 7515 G
7515 7516 A
7516 7517 G
7517 7518 T
7518 7519 C
7519 7520 A
7520 7521 C
7521 7522 G
7522 7523 A
7523 7524 G
7524 7525 T
7525 7526 A
7526 7527 T
7527 7528 A
7528 7529 A
7529 7530 A
7530 7531 G
7531 7532 A
7532 7533 T
7533 7534 T
7534 7535 T
7535 7536 A
7536 7537 G
7537 7538 A
7538 7539 T
7539 7540 C
7540 7541 G
7541 7542 C
7445 7543 T
7543 7544 T
7544 7545 G
7545 7546 A
7546 7547 C
7547 7548 T
7548 7549 C
7549 7550 G
7550 7551 T
7551 7552 A
7552 7553 A
7553 7554 A
7554 7555 A
7555 7556 A
7556 7557 T
7557 7558 G
7558 7559 A
7559 7560 G
7560 7561 C
7561 7562 C
7562 7563 A
7563 7564 C
7564 7565 A
7565 7566 G
7566 7567 A
7567 7568 T
7568 7569 T
7569 7570 C
7570 7571 C
7571 7572 A
7572 7573 A
7573 7574 G
7574 7575 G
7575 7576 G
7576 7577 A
7577 7578 A
7578 7579 A
7579 7580 A
7580 7581 T
7581 7582 T
7582 7583 C
7583 7584 C
7584 7585 G
7585 7586 A
7586 7587 C
7587 7588 A
7588 7589 G
7589 7590 G
7590 7591 G
7591 7592 T
7592 7593 C
7593 7594 G
7594 7595 G
7595 7596 T
7596 7597 A
7597 7598 A
7598 7599 G
7599 7600 C
7600 7601 T
7601 7602 C
7602 7603 C
7603 7604 T
7604 7605 G
7605 7606 A
7606 7607 A
7607 7608 A
7608 7609 G
7609 7610 A
7610 7611 A
7611 7612 G
7612 7613 C
7613 7614 G
7614 7615 C
7615 7616 C
7616 7617 T
7617 7618 C
7618 7619 A
7619 7620 T
7620 7621 G
7621 7622 A
7622 7623 C
7623 7624 T
7624 7625 A
7625 7626 G
7626 7627 G
7627 7628 A
7628 7629 G
7629 7630 T
7630 7631 G
7445 7632 C
7632 7633 A
7633 7634 G
7634 7635 G
7635 7636 T
7636 7637 G
7637 7638 T
7638 7639 T
7639 7640 A
7640 7641 A
7641 7642 C
7642 7643 G
7643 7644 A
7644 7645 T
7645 7646 G
7646 7647 A
7647 7648 G
7648 7649 A
7649 7650 T
7650 7651 A
7651 7652 G
7652 7653 A
7653 7654 T
7654 7655 C
7655 7656 G
7656 7657 C
7657 7658 A
7658 7659 G
7659 7660 C
7660 7661 T
7661 7662 C
7662 7663 T
7663 7664 G
7664 7665 A
7665 7666 A
7666 7667 A
7667 7668 A
7668 7669 A
7669 7670 T
7670 7671 T
7671 7672 G
7672 7673 T
7673 7674 C
7674 7675 C
7675 7676 C
7676 7677 T
7677 7678 G
7678 7679 G
7679 7680 G
7680 7681 T
7681 7682 A
7682 7683 A
7683 7684 T
7684 7685 G
7685 7686 C
7686 7687 G
7687 7688 T
7688 7689 T
7689 7690 G
7690 7691 T
7691 7692 T
7692 7693 G
7693 7694 G
7694 7695 A
7695 7696 A
7696 7697 C
7697 7698 T
7698 7699 C
7699 7700 T
7700 7701 G
7701 7702 C
7702 7703 C
7703 7704 G
7704 7705 G
7705 7706 T
7706 7707 C
7707 7708 T
7708 7709 G
7709 7710 T
7710 7711 A
7711 7712 G
7712 7713 A
7713 7714 C
7714 7715 G
7715 7716 A
7716 7717 A
7717 7718 T
7718 7719 A
7719 7720 C
7720 7721 T
7721 7722 T
7722 7723 A
7723 7724 G
7724 7725 G
7725 7726 C
7726 7727 G
7727 7728 A
7728 7729 A
7632 7730 C
7730 7731 C
7731 7732 C
7732 7733 T
7733 7734 G
7734 7735 T
7735 7736 A
7736 7737 C
7737 7738 G
7738 7739 C
7739 7740 C
7740 7741 C
7741 7742 G
7742 7743 G
7743 7744 C
7744 7745 G
7745 7746 C
7746 7747 C
7747 7748 T
7748 7749 T
7749 7750 C
7750 7751 C
7751 7752 G
7752 7753 A
7753 7754 T
7754 7755 G
7755 7756 T
7756 7757 C
7757 7758 G
7758 7759 T
7759 7760 C
7760 7761 T
7761 7762 A
7762 7763 G
7763 7764 A
7764 7765 C
7765 7766 T
7766 7767 A
7767 7768 C
7768 7769 T
7769 7770 T
7770 7771 A
7771 7772 C
7772 7773 G
7773 7774 T
7774 7775 C
7775 7776 G
7776 7777 G
7777 7778 A
7778 7779 A
7779 7780 C
7780 7781 C
7781 7782 C
7782 7783 C
7783 7784 C
7784 7785 A
7785 7786 A
7786 7787 A
7787 7788 T
7788 7789 C
7789 7790 C
7790 7791 G
7791 7792 A
7792 7793 G
7793 7794 T
7794 7795 A
7795 7796 C
7796 7797 C
7797 7798 T
7798 7799 G
7799 7800 A
7800 7801 T
7801 7802 G
7802 7803 A
7803 7804 T
7804 7805 G
7805 7806 G
7806 7807 A
7807 7808 C
7808 7809 A
7809 7810 G
7810 7811 G
7811 7812 G
7812 7813 G
7813 7814 C
7814 7815 T
7815 7816 C
7816 7817 T
7817 7818 T
7818 7819 C
7819 7820 G
7445 7821 G
7821 7822 G
7822 7823 T
7823 7824 A
7824 7825 A
7825 7826 C
7826 7827 C
7827 7828 G
7828 7829 A
7829 7830 A
7830 7831 T
7831 7832 C
7832 7833 G
7833 7834 C
7834 7835 G
7835 7836 G
7836 7837 G
7837 7838 A
7838 7839 G
7839 7840 T
7840 7841 C
7841 7842 C
7842 7843 C
7843 7844 T
7844 7845 C
7845 7846 A
7846 7847 A
7847 7848 A
7848 7849 G
7849 7850 A
7850 7851 G
7851 7852 A
7852 7853 G
7853 7854 C
7854 7855 A
7855 7856 A
7856 7857 A
7857 7858 A
7858 7859 A
7859 7860 C
7860 7861 C
7861 7862 A
7862 7863 G
7863 7864 C
7864 7865 A
7865 7866 G
7866 7867 G
7867 7868 G
7868 7869 T
7869 7870 T
7870 7871 A
7871 7872 C
7872 7873 G
7873 7874 G
7874 7875 G
7875 7876 A
7876 7877 T
7877 7878 T
7878 7879 C
7879 7880 C
7880 7881 C
7881 7882 A
7882 7883 C
7883 7884 C
7884 7885 A
7885 7886 A
7886 7887 G
7887 7888 C
7888 7889 G
7889 7890 T
7890 7891 G
7891 7892 G
7892 7893 G
7893 7894 T
7894 7895 T
7895 7896 A
7896 7897 G
7897 7898 A
7898 7899 T
